# Format: 1
# Fields: seqnum timestamp path
# Generated: 2013-12-30 16:31:56 -0800
# --------------------------------------------------------------------------
# Check this log regularly (once a day) to keep up with the generation of
# cycle files.  The easiest way to find the newest files is to compare the
# last seqnum you downloaded to the seqnum of all entries.
#
# The timestamp column gives the time that a cycle file was generated.
# Please note that the timestamp will _not_ necessarily match the date
# in the filename, since file generation intentionally lags behind a bit.
# --------------------------------------------------------------------------
17631	1387682854	list-8.ipv6.allpref/2013/12/topo-v6.l8.20131220.1387533542.eug-us.warts.gz
17632	1387684081	list-8.ipv6.allpref/2013/12/topo-v6.l8.20131220.1387533964.dkr-sn.warts.gz
17633	1387684950	list-8.ipv6.allpref/2013/12/topo-v6.l8.20131220.1387533990.ktm-np.warts.gz
17634	1387699341	list-8.ipv6.allpref/2013/12/topo-v6.l8.20131220.1387548851.san-us.warts.gz
17635	1387703973	list-8.ipv6.allpref/2013/12/topo-v6.l8.20131220.1387554571.bwi-us.warts.gz
17636	1387734645	list-8.ipv6.allpref/2013/12/topo-v6.l8.20131220.1387583584.dac-bd.warts.gz
17637	1387736771	list-8.ipv6.allpref/2013/12/topo-v6.l8.20131221.1387587361.tpe-tw.warts.gz
17638	1387744700	list-8.ipv6.allpref/2013/12/topo-v6.l8.20131221.1387595986.zrh2-ch.warts.gz
17639	1387745088	list-8.ipv6.allpref/2013/12/topo-v6.l8.20131221.1387594596.ams3-nl.warts.gz
17640	1387756651	list-8.ipv6.allpref/2013/12/topo-v6.l8.20131221.1387607137.bcn-es.warts.gz
17641	1387758431	list-8.ipv6.allpref/2013/12/topo-v6.l8.20131221.1387609260.iad-us.warts.gz
17642	1387758836	list-8.ipv6.allpref/2013/12/topo-v6.l8.20131221.1387608926.cgk-id.warts.gz
17643	1387778716	list-8.ipv6.allpref/2013/12/topo-v6.l8.20131221.1387627816.nce-fr.warts.gz
17644	1387786636	list-8.ipv6.allpref/2013/12/topo-v6.l8.20131221.1387637243.dub-ie.warts.gz
17645	1387786648	list-8.ipv6.allpref/2013/12/topo-v6.l8.20131221.1387637194.cbg-uk.warts.gz
17646	1387787756	list-8.ipv6.allpref/2013/12/topo-v6.l8.20131221.1387638478.jfk-us.warts.gz
17647	1387790752	list-8.ipv6.allpref/2013/12/topo-v6.l8.20131221.1387640368.cph-dk.warts.gz
17648	1387796231	list-8.ipv6.allpref/2013/12/topo-v6.l8.20131221.1387646811.ams2-nl.warts.gz
17649	1387797758	list-8.ipv6.allpref/2013/12/topo-v6.l8.20131221.1387648288.hkg-cn.warts.gz
17650	1387798697	list-8.ipv6.allpref/2013/12/topo-v6.l8.20131221.1387649439.sql-us.warts.gz
17651	1387799111	list-8.ipv6.allpref/2013/12/topo-v6.l8.20131221.1387648571.lax-us.warts.gz
17652	1387807395	list-8.ipv6.allpref/2013/12/topo-v6.l8.20131221.1387655808.her-gr.warts.gz
17653	1387811123	list-8.ipv6.allpref/2013/12/topo-v6.l8.20131221.1387659992.sin-sg.warts.gz
17654	1387812561	list-8.ipv6.allpref/2013/12/topo-v6.l8.20131221.1387663723.yow-ca.warts.gz
17655	1387813935	list-8.ipv6.allpref/2013/12/topo-v6.l8.20131221.1387664347.ams-nl.warts.gz
17656	1387818473	list-8.ipv6.allpref/2013/12/topo-v6.l8.20131221.1387669130.syd-au.warts.gz
17657	1387822891	list-8.ipv6.allpref/2013/12/topo-v6.l8.20131222.1387671997.mnl-ph.warts.gz
17658	1387824989	list-8.ipv6.allpref/2013/12/topo-v6.l8.20131222.1387674177.oak-us.warts.gz
17659	1387830450	list-8.ipv6.allpref/2013/12/topo-v6.l8.20131222.1387680793.scl-cl.warts.gz
17660	1387830523	list-8.ipv6.allpref/2013/12/topo-v6.l8.20131222.1387681092.sjc2-us.warts.gz
17661	1387832425	list-8.ipv6.allpref/2013/12/topo-v6.l8.20131222.1387682827.eug-us.warts.gz
17662	1387834124	list-8.ipv6.allpref/2013/12/topo-v6.l8.20131222.1387683906.dkr-sn.warts.gz
17663	1387835722	list-8.ipv6.allpref/2013/12/topo-v6.l8.20131222.1387684688.ktm-np.warts.gz
17664	1387853094	list-8.ipv6.allpref/2013/12/topo-v6.l8.20131222.1387703899.bwi-us.warts.gz
17665	1387885463	list-8.ipv6.allpref/2013/12/topo-v6.l8.20131222.1387734378.dac-bd.warts.gz
17666	1387885929	list-8.ipv6.allpref/2013/12/topo-v6.l8.20131222.1387736635.tpe-tw.warts.gz
17667	1387893057	list-8.ipv6.allpref/2013/12/topo-v6.l8.20131222.1387744542.zrh2-ch.warts.gz
17668	1387895796	list-8.ipv6.allpref/2013/12/topo-v6.l8.20131222.1387744969.ams3-nl.warts.gz
17669	1387905897	list-8.ipv6.allpref/2013/12/topo-v6.l8.20131222.1387756435.bcn-es.warts.gz
17670	1387907588	list-8.ipv6.allpref/2013/12/topo-v6.l8.20131223.1387758336.iad-us.warts.gz
17671	1387908307	list-8.ipv6.allpref/2013/12/topo-v6.l8.20131223.1387758383.cgk-id.warts.gz
17672	1387929301	list-8.ipv6.allpref/2013/12/topo-v6.l8.20131223.1387778407.nce-fr.warts.gz
17673	1387935766	list-8.ipv6.allpref/2013/12/topo-v6.l8.20131223.1387786466.dub-ie.warts.gz
17674	1387935814	list-8.ipv6.allpref/2013/12/topo-v6.l8.20131223.1387786455.cbg-uk.warts.gz
17675	1387936988	list-8.ipv6.allpref/2013/12/topo-v6.l8.20131223.1387787713.jfk-us.warts.gz
17676	1387941010	list-8.ipv6.allpref/2013/12/topo-v6.l8.20131223.1387790597.cph-dk.warts.gz
17677	1387945419	list-8.ipv6.allpref/2013/12/topo-v6.l8.20131223.1387796107.ams2-nl.warts.gz
17678	1387947081	list-8.ipv6.allpref/2013/12/topo-v6.l8.20131223.1387797639.hkg-cn.warts.gz
17679	1387948067	list-8.ipv6.allpref/2013/12/topo-v6.l8.20131223.1387798680.sql-us.warts.gz
17680	1387949440	list-8.ipv6.allpref/2013/12/topo-v6.l8.20131223.1387799093.lax-us.warts.gz
17681	1387958128	list-8.ipv6.allpref/2013/12/topo-v6.l8.20131223.1387807136.her-gr.warts.gz
17682	1387961559	list-8.ipv6.allpref/2013/12/topo-v6.l8.20131223.1387812533.yow-ca.warts.gz
17683	1387961942	list-8.ipv6.allpref/2013/12/topo-v6.l8.20131223.1387810912.sin-sg.warts.gz
17684	1387963472	list-8.ipv6.allpref/2013/12/topo-v6.l8.20131223.1387813785.ams-nl.warts.gz
17685	1387967723	list-8.ipv6.allpref/2013/12/topo-v6.l8.20131223.1387818323.syd-au.warts.gz
17686	1387973760	list-8.ipv6.allpref/2013/12/topo-v6.l8.20131223.1387822701.mnl-ph.warts.gz
17687	1387975522	list-8.ipv6.allpref/2013/12/topo-v6.l8.20131223.1387824959.oak-us.warts.gz
17688	1387979574	list-8.ipv6.allpref/2013/12/topo-v6.l8.20131223.1387830210.scl-cl.warts.gz
17689	1387979648	list-8.ipv6.allpref/2013/12/topo-v6.l8.20131223.1387830510.sjc2-us.warts.gz
17690	1387981455	list-8.ipv6.allpref/2013/12/topo-v6.l8.20131223.1387832112.eug-us.warts.gz
17691	1387983628	list-8.ipv6.allpref/2013/12/topo-v6.l8.20131223.1387833674.dkr-sn.warts.gz
17692	1387986048	list-8.ipv6.allpref/2013/12/topo-v6.l8.20131223.1387835452.ktm-np.warts.gz
17693	1388002298	list-8.ipv6.allpref/2013/12/topo-v6.l8.20131224.1387853019.bwi-us.warts.gz
17694	1388035306	list-8.ipv6.allpref/2013/12/topo-v6.l8.20131224.1387885794.tpe-tw.warts.gz
17695	1388036402	list-8.ipv6.allpref/2013/12/topo-v6.l8.20131224.1387885176.dac-bd.warts.gz
17696	1388041656	list-8.ipv6.allpref/2013/12/topo-v6.l8.20131224.1387892905.zrh2-ch.warts.gz
17697	1388046159	list-8.ipv6.allpref/2013/12/topo-v6.l8.20131224.1387895677.ams3-nl.warts.gz
17698	1388055091	list-8.ipv6.allpref/2013/12/topo-v6.l8.20131224.1387905687.bcn-es.warts.gz
17699	1388056784	list-8.ipv6.allpref/2013/12/topo-v6.l8.20131224.1387907498.iad-us.warts.gz
17700	1388057421	list-8.ipv6.allpref/2013/12/topo-v6.l8.20131224.1387907700.cgk-id.warts.gz
17701	1388080038	list-8.ipv6.allpref/2013/12/topo-v6.l8.20131224.1387928997.nce-fr.warts.gz
17702	1388084959	list-8.ipv6.allpref/2013/12/topo-v6.l8.20131225.1387935600.dub-ie.warts.gz
17703	1388085176	list-8.ipv6.allpref/2013/12/topo-v6.l8.20131225.1387935621.cbg-uk.warts.gz
17704	1388086346	list-8.ipv6.allpref/2013/12/topo-v6.l8.20131225.1387936946.jfk-us.warts.gz
17705	1388091139	list-8.ipv6.allpref/2013/12/topo-v6.l8.20131225.1387940849.cph-dk.warts.gz
17706	1388094864	list-8.ipv6.allpref/2013/12/topo-v6.l8.20131225.1387945304.ams2-nl.warts.gz
17707	1388096301	list-8.ipv6.allpref/2013/12/topo-v6.l8.20131225.1387946962.hkg-cn.warts.gz
17708	1388097299	list-8.ipv6.allpref/2013/12/topo-v6.l8.20131225.1387948050.sql-us.warts.gz
17709	1388099731	list-8.ipv6.allpref/2013/12/topo-v6.l8.20131225.1387949424.lax-us.warts.gz
17710	1388108552	list-8.ipv6.allpref/2013/12/topo-v6.l8.20131225.1387957895.her-gr.warts.gz
17711	1388110360	list-8.ipv6.allpref/2013/12/topo-v6.l8.20131225.1387961532.yow-ca.warts.gz
17712	1388112615	list-8.ipv6.allpref/2013/12/topo-v6.l8.20131225.1387961720.sin-sg.warts.gz
17713	1388113207	list-8.ipv6.allpref/2013/12/topo-v6.l8.20131225.1387963329.ams-nl.warts.gz
17714	1388117139	list-8.ipv6.allpref/2013/12/topo-v6.l8.20131225.1387967571.syd-au.warts.gz
17715	1388124381	list-8.ipv6.allpref/2013/12/topo-v6.l8.20131225.1387973569.mnl-ph.warts.gz
17716	1388126140	list-8.ipv6.allpref/2013/12/topo-v6.l8.20131225.1387975493.oak-us.warts.gz
17717	1388128819	list-8.ipv6.allpref/2013/12/topo-v6.l8.20131225.1387979446.scl-cl.warts.gz
17718	1388128872	list-8.ipv6.allpref/2013/12/topo-v6.l8.20131225.1387979635.sjc2-us.warts.gz
17719	1388130927	list-8.ipv6.allpref/2013/12/topo-v6.l8.20131225.1387981430.eug-us.warts.gz
17720	1388133319	list-8.ipv6.allpref/2013/12/topo-v6.l8.20131225.1387983470.dkr-sn.warts.gz
17721	1388137152	list-8.ipv6.allpref/2013/12/topo-v6.l8.20131225.1387985779.ktm-np.warts.gz
17722	1388151548	list-8.ipv6.allpref/2013/12/topo-v6.l8.20131225.1388002222.bwi-us.warts.gz
17723	1388184552	list-8.ipv6.allpref/2013/12/topo-v6.l8.20131226.1388035170.tpe-tw.warts.gz
17724	1388187326	list-8.ipv6.allpref/2013/12/topo-v6.l8.20131226.1388036073.dac-bd.warts.gz
17725	1388190242	list-8.ipv6.allpref/2013/12/topo-v6.l8.20131226.1388041512.zrh2-ch.warts.gz
17726	1388196606	list-8.ipv6.allpref/2013/12/topo-v6.l8.20131226.1388046040.ams3-nl.warts.gz
17727	1388204308	list-8.ipv6.allpref/2013/12/topo-v6.l8.20131226.1388054881.bcn-es.warts.gz
17728	1388206104	list-8.ipv6.allpref/2013/12/topo-v6.l8.20131226.1388056694.iad-us.warts.gz
17729	1388206813	list-8.ipv6.allpref/2013/12/topo-v6.l8.20131226.1388056986.cgk-id.warts.gz
17730	1388231041	list-8.ipv6.allpref/2013/12/topo-v6.l8.20131226.1388079729.nce-fr.warts.gz
17731	1388234244	list-8.ipv6.allpref/2013/12/topo-v6.l8.20131226.1388084780.dub-ie.warts.gz
17732	1388234337	list-8.ipv6.allpref/2013/12/topo-v6.l8.20131226.1388084967.cbg-uk.warts.gz
17733	1388235536	list-8.ipv6.allpref/2013/12/topo-v6.l8.20131226.1388086303.jfk-us.warts.gz
17734	1388241398	list-8.ipv6.allpref/2013/12/topo-v6.l8.20131226.1388090996.cph-dk.warts.gz
17735	1388244158	list-8.ipv6.allpref/2013/12/topo-v6.l8.20131226.1388094748.ams2-nl.warts.gz
17736	1388245674	list-8.ipv6.allpref/2013/12/topo-v6.l8.20131226.1388096182.hkg-cn.warts.gz
17737	1388246647	list-8.ipv6.allpref/2013/12/topo-v6.l8.20131226.1388097282.sql-us.warts.gz
17738	1388250483	list-8.ipv6.allpref/2013/12/topo-v6.l8.20131226.1388099715.lax-us.warts.gz
17739	1388259328	list-8.ipv6.allpref/2013/12/topo-v6.l8.20131227.1388110332.yow-ca.warts.gz
17740	1388259364	list-8.ipv6.allpref/2013/12/topo-v6.l8.20131227.1388108319.her-gr.warts.gz
17741	1388262830	list-8.ipv6.allpref/2013/12/topo-v6.l8.20131227.1388113056.ams-nl.warts.gz
17742	1388263451	list-8.ipv6.allpref/2013/12/topo-v6.l8.20131227.1388112407.sin-sg.warts.gz
17743	1388266350	list-8.ipv6.allpref/2013/12/topo-v6.l8.20131227.1388116988.syd-au.warts.gz
17744	1388275445	list-8.ipv6.allpref/2013/12/topo-v6.l8.20131227.1388124190.mnl-ph.warts.gz
17745	1388276658	list-8.ipv6.allpref/2013/12/topo-v6.l8.20131227.1388126110.oak-us.warts.gz
17746	1388278077	list-8.ipv6.allpref/2013/12/topo-v6.l8.20131227.1388128858.sjc2-us.warts.gz
17747	1388278093	list-8.ipv6.allpref/2013/12/topo-v6.l8.20131227.1388128677.scl-cl.warts.gz
17748	1388280391	list-8.ipv6.allpref/2013/12/topo-v6.l8.20131227.1388130902.eug-us.warts.gz
17749	1388283169	list-8.ipv6.allpref/2013/12/topo-v6.l8.20131227.1388133232.dkr-sn.warts.gz
17750	1388287679	list-8.ipv6.allpref/2013/12/topo-v6.l8.20131227.1388136871.ktm-np.warts.gz
17751	1388300825	list-8.ipv6.allpref/2013/12/topo-v6.l8.20131227.1388151472.bwi-us.warts.gz
17752	1388333803	list-8.ipv6.allpref/2013/12/topo-v6.l8.20131227.1388184417.tpe-tw.warts.gz
17753	1388337941	list-8.ipv6.allpref/2013/12/topo-v6.l8.20131227.1388187003.dac-bd.warts.gz
17754	1388338903	list-8.ipv6.allpref/2013/12/topo-v6.l8.20131228.1388190097.zrh2-ch.warts.gz
17755	1388347087	list-8.ipv6.allpref/2013/12/topo-v6.l8.20131228.1388196485.ams3-nl.warts.gz
17756	1388353580	list-8.ipv6.allpref/2013/12/topo-v6.l8.20131228.1388204084.bcn-es.warts.gz
17757	1388355248	list-8.ipv6.allpref/2013/12/topo-v6.l8.20131228.1388206014.iad-us.warts.gz
17758	1388356103	list-8.ipv6.allpref/2013/12/topo-v6.l8.20131228.1388206318.cgk-id.warts.gz
17759	1388382141	list-8.ipv6.allpref/2013/12/topo-v6.l8.20131228.1388230730.nce-fr.warts.gz
17760	1388383343	list-8.ipv6.allpref/2013/12/topo-v6.l8.20131228.1388234044.dub-ie.warts.gz
17761	1388383564	list-8.ipv6.allpref/2013/12/topo-v6.l8.20131228.1388234117.cbg-uk.warts.gz
17762	1388384736	list-8.ipv6.allpref/2013/12/topo-v6.l8.20131228.1388235492.jfk-us.warts.gz
17763	1388391709	list-8.ipv6.allpref/2013/12/topo-v6.l8.20131228.1388241231.cph-dk.warts.gz
17764	1388393355	list-8.ipv6.allpref/2013/12/topo-v6.l8.20131228.1388244042.ams2-nl.warts.gz
17765	1388395050	list-8.ipv6.allpref/2013/12/topo-v6.l8.20131228.1388245526.hkg-cn.warts.gz
17766	1388395930	list-8.ipv6.allpref/2013/12/topo-v6.l8.20131228.1388246631.sql-us.warts.gz
17767	1388400579	list-8.ipv6.allpref/2013/12/topo-v6.l8.20131228.1388250466.lax-us.warts.gz
17768	1388408087	list-8.ipv6.allpref/2013/12/topo-v6.l8.20131228.1388259301.yow-ca.warts.gz
17769	1388410507	list-8.ipv6.allpref/2013/12/topo-v6.l8.20131228.1388259131.her-gr.warts.gz
17770	1388412388	list-8.ipv6.allpref/2013/12/topo-v6.l8.20131228.1388262688.ams-nl.warts.gz
17771	1388414127	list-8.ipv6.allpref/2013/12/topo-v6.l8.20131228.1388263224.sin-sg.warts.gz
17772	1388415567	list-8.ipv6.allpref/2013/12/topo-v6.l8.20131228.1388266199.syd-au.warts.gz
17773	1388426144	list-8.ipv6.allpref/2013/12/topo-v6.l8.20131229.1388275252.mnl-ph.warts.gz
17774	1388427259	list-8.ipv6.allpref/2013/12/topo-v6.l8.20131229.1388277882.scl-cl.warts.gz
17775	1388427396	list-8.ipv6.allpref/2013/12/topo-v6.l8.20131229.1388278063.sjc2-us.warts.gz
17776	1388427452	list-8.ipv6.allpref/2013/12/topo-v6.l8.20131229.1388276628.oak-us.warts.gz
17777	1388429706	list-8.ipv6.allpref/2013/12/topo-v6.l8.20131229.1388280366.eug-us.warts.gz
17778	1388433254	list-8.ipv6.allpref/2013/12/topo-v6.l8.20131229.1388283091.dkr-sn.warts.gz
17779	1388438268	list-8.ipv6.allpref/2013/12/topo-v6.l8.20131229.1388287397.ktm-np.warts.gz
17780	1388449916	list-8.ipv6.allpref/2013/12/topo-v6.l8.20131229.1388300750.bwi-us.warts.gz
