# Format: 1
# Fields: timestamp daily_path
# Generated: 2013-12-31 17:18:29 -0800
# --------------------------------------------------------------------------
1387934476	list-7.allpref24/team-1/daily/2013/cycle-20131223/daily.l7.t1.c002903.20131224.nce-fr.warts.gz
1387934535	list-7.allpref24/team-1/daily/2013/cycle-20131223/daily.l7.t1.c002903.20131224.sin-sg.warts.gz
1387934672	list-7.allpref24/team-1/daily/2013/cycle-20131223/daily.l7.t1.c002903.20131224.dkr-sn.warts.gz
1387936980	list-7.allpref24/team-1/daily/2013/cycle-20131223/daily.l7.t1.c002903.20131225.mnl-ph.warts.gz
1387936987	list-7.allpref24/team-1/daily/2013/cycle-20131223/daily.l7.t1.c002903.20131225.hel-fi.warts.gz
1387937001	list-7.allpref24/team-1/daily/2013/cycle-20131223/daily.l7.t1.c002903.20131225.bma-se.warts.gz
1387937003	list-7.allpref24/team-1/daily/2013/cycle-20131223/daily.l7.t1.c002903.20131225.oak-us.warts.gz
1387937030	list-7.allpref24/team-1/daily/2013/cycle-20131223/daily.l7.t1.c002903.20131225.sin-sg.warts.gz
1387937041	list-7.allpref24/team-1/daily/2013/cycle-20131223/daily.l7.t1.c002903.20131225.laf-us.warts.gz
1387937052	list-7.allpref24/team-1/daily/2013/cycle-20131223/daily.l7.t1.c002903.20131225.mry-us.warts.gz
1387937060	list-7.allpref24/team-1/daily/2013/cycle-20131223/daily.l7.t1.c002903.20131225.ams3-nl.warts.gz
1387937079	list-7.allpref24/team-1/daily/2013/cycle-20131223/daily.l7.t1.c002903.20131225.syd-au.warts.gz
1387937110	list-7.allpref24/team-1/daily/2013/cycle-20131223/daily.l7.t1.c002903.20131225.hlz-nz.warts.gz
1387937130	list-7.allpref24/team-1/daily/2013/cycle-20131223/daily.l7.t1.c002903.20131225.sea-us.warts.gz
1387937134	list-7.allpref24/team-1/daily/2013/cycle-20131223/daily.l7.t1.c002903.20131225.nce-fr.warts.gz
1387937139	list-7.allpref24/team-1/daily/2013/cycle-20131223/daily.l7.t1.c002903.20131225.gva-ch.warts.gz
1387937177	list-7.allpref24/team-1/daily/2013/cycle-20131223/daily.l7.t1.c002903.20131225.nrt-jp.warts.gz
1387937182	list-7.allpref24/team-1/daily/2013/cycle-20131223/daily.l7.t1.c002903.20131225.pry-za.warts.gz
1387937202	list-7.allpref24/team-1/daily/2013/cycle-20131223/daily.l7.t1.c002903.20131225.amw-us.warts.gz
1387937240	list-7.allpref24/team-1/daily/2013/cycle-20131223/daily.l7.t1.c002903.20131225.hkg-cn.warts.gz
1387937272	list-7.allpref24/team-1/daily/2013/cycle-20131223/daily.l7.t1.c002903.20131225.dub-ie.warts.gz
1387937313	list-7.allpref24/team-1/daily/2013/cycle-20131223/daily.l7.t1.c002903.20131225.yto-ca.warts.gz
1387937354	list-7.allpref24/team-1/daily/2013/cycle-20131223/daily.l7.t1.c002903.20131225.sao-br.warts.gz
1387937373	list-7.allpref24/team-1/daily/2013/cycle-20131223/daily.l7.t1.c002903.20131225.bcn-es.warts.gz
1387937423	list-7.allpref24/team-1/daily/2013/cycle-20131223/daily.l7.t1.c002903.20131225.cjj-kr.warts.gz
1387937456	list-7.allpref24/team-1/daily/2013/cycle-20131223/daily.l7.t1.c002903.20131225.san-us.warts.gz
1387937458	list-7.allpref24/team-1/daily/2013/cycle-20131223/daily.l7.t1.c002903.20131225.lej-de.warts.gz
1387937535	list-7.allpref24/team-1/daily/2013/cycle-20131223/daily.l7.t1.c002903.20131225.dkr-sn.warts.gz
1388019776	list-7.allpref24/team-1/daily/2013/cycle-20131225/daily.l7.t1.c002906.20131225.hlz-nz.warts.gz
1388019900	list-7.allpref24/team-1/daily/2013/cycle-20131225/daily.l7.t1.c002906.20131225.hel-fi.warts.gz
1388019922	list-7.allpref24/team-1/daily/2013/cycle-20131225/daily.l7.t1.c002906.20131225.nce-fr.warts.gz
1388019945	list-7.allpref24/team-1/daily/2013/cycle-20131225/daily.l7.t1.c002906.20131225.lej-de.warts.gz
1388019989	list-7.allpref24/team-1/daily/2013/cycle-20131225/daily.l7.t1.c002906.20131225.laf-us.warts.gz
1388020051	list-7.allpref24/team-1/daily/2013/cycle-20131225/daily.l7.t1.c002906.20131225.hkg-cn.warts.gz
1388020170	list-7.allpref24/team-1/daily/2013/cycle-20131225/daily.l7.t1.c002906.20131225.cjj-kr.warts.gz
1388020194	list-7.allpref24/team-1/daily/2013/cycle-20131225/daily.l7.t1.c002906.20131225.mnl-ph.warts.gz
1388020217	list-7.allpref24/team-1/daily/2013/cycle-20131225/daily.l7.t1.c002906.20131225.amw-us.warts.gz
1388020254	list-7.allpref24/team-1/daily/2013/cycle-20131225/daily.l7.t1.c002906.20131225.sao-br.warts.gz
1388020326	list-7.allpref24/team-1/daily/2013/cycle-20131225/daily.l7.t1.c002906.20131225.san-us.warts.gz
1388020372	list-7.allpref24/team-1/daily/2013/cycle-20131225/daily.l7.t1.c002906.20131225.gva-ch.warts.gz
1388020395	list-7.allpref24/team-1/daily/2013/cycle-20131225/daily.l7.t1.c002906.20131225.sin-sg.warts.gz
1388020442	list-7.allpref24/team-1/daily/2013/cycle-20131225/daily.l7.t1.c002906.20131225.bcn-es.warts.gz
1388020649	list-7.allpref24/team-1/daily/2013/cycle-20131225/daily.l7.t1.c002906.20131225.pry-za.warts.gz
1388020686	list-7.allpref24/team-1/daily/2013/cycle-20131225/daily.l7.t1.c002906.20131225.mry-us.warts.gz
1388020799	list-7.allpref24/team-1/daily/2013/cycle-20131225/daily.l7.t1.c002906.20131225.bma-se.warts.gz
1388020819	list-7.allpref24/team-1/daily/2013/cycle-20131225/daily.l7.t1.c002906.20131225.nrt-jp.warts.gz
1388020908	list-7.allpref24/team-1/daily/2013/cycle-20131225/daily.l7.t1.c002906.20131225.yto-ca.warts.gz
1388021018	list-7.allpref24/team-1/daily/2013/cycle-20131225/daily.l7.t1.c002906.20131225.dub-ie.warts.gz
1388021052	list-7.allpref24/team-1/daily/2013/cycle-20131225/daily.l7.t1.c002906.20131225.ams3-nl.warts.gz
1388021074	list-7.allpref24/team-1/daily/2013/cycle-20131225/daily.l7.t1.c002906.20131225.syd-au.warts.gz
1388021165	list-7.allpref24/team-1/daily/2013/cycle-20131225/daily.l7.t1.c002906.20131225.dkr-sn.warts.gz
1388021187	list-7.allpref24/team-1/daily/2013/cycle-20131225/daily.l7.t1.c002906.20131225.sea-us.warts.gz
1388021210	list-7.allpref24/team-1/daily/2013/cycle-20131225/daily.l7.t1.c002906.20131225.oak-us.warts.gz
1388073845	list-7.allpref24/team-1/daily/2013/cycle-20131225/daily.l7.t1.c002906.20131226.ams3-nl.warts.gz
1388073885	list-7.allpref24/team-1/daily/2013/cycle-20131225/daily.l7.t1.c002906.20131226.amw-us.warts.gz
1388073940	list-7.allpref24/team-1/daily/2013/cycle-20131225/daily.l7.t1.c002906.20131226.mry-us.warts.gz
1388073957	list-7.allpref24/team-1/daily/2013/cycle-20131225/daily.l7.t1.c002906.20131226.syd-au.warts.gz
1388073975	list-7.allpref24/team-1/daily/2013/cycle-20131225/daily.l7.t1.c002906.20131226.sea-us.warts.gz
1388073994	list-7.allpref24/team-1/daily/2013/cycle-20131225/daily.l7.t1.c002906.20131226.san-us.warts.gz
1388074013	list-7.allpref24/team-1/daily/2013/cycle-20131225/daily.l7.t1.c002906.20131226.bcn-es.warts.gz
1388074032	list-7.allpref24/team-1/daily/2013/cycle-20131225/daily.l7.t1.c002906.20131226.mnl-ph.warts.gz
1388074052	list-7.allpref24/team-1/daily/2013/cycle-20131225/daily.l7.t1.c002906.20131226.pry-za.warts.gz
1388074072	list-7.allpref24/team-1/daily/2013/cycle-20131225/daily.l7.t1.c002906.20131226.sin-sg.warts.gz
1388074090	list-7.allpref24/team-1/daily/2013/cycle-20131225/daily.l7.t1.c002906.20131226.laf-us.warts.gz
1388074109	list-7.allpref24/team-1/daily/2013/cycle-20131225/daily.l7.t1.c002906.20131226.gva-ch.warts.gz
1388074126	list-7.allpref24/team-1/daily/2013/cycle-20131225/daily.l7.t1.c002906.20131226.hkg-cn.warts.gz
1388074142	list-7.allpref24/team-1/daily/2013/cycle-20131225/daily.l7.t1.c002906.20131226.nrt-jp.warts.gz
1388074159	list-7.allpref24/team-1/daily/2013/cycle-20131225/daily.l7.t1.c002906.20131226.sao-br.warts.gz
1388074177	list-7.allpref24/team-1/daily/2013/cycle-20131225/daily.l7.t1.c002906.20131226.yto-ca.warts.gz
1388074197	list-7.allpref24/team-1/daily/2013/cycle-20131225/daily.l7.t1.c002906.20131226.hlz-nz.warts.gz
1388074216	list-7.allpref24/team-1/daily/2013/cycle-20131225/daily.l7.t1.c002906.20131226.lej-de.warts.gz
1388074235	list-7.allpref24/team-1/daily/2013/cycle-20131225/daily.l7.t1.c002906.20131226.cjj-kr.warts.gz
1388074252	list-7.allpref24/team-1/daily/2013/cycle-20131225/daily.l7.t1.c002906.20131226.hel-fi.warts.gz
1388074272	list-7.allpref24/team-1/daily/2013/cycle-20131225/daily.l7.t1.c002906.20131226.oak-us.warts.gz
1388074303	list-7.allpref24/team-1/daily/2013/cycle-20131225/daily.l7.t1.c002906.20131226.dub-ie.warts.gz
1388074459	list-7.allpref24/team-1/daily/2013/cycle-20131225/daily.l7.t1.c002906.20131226.nce-fr.warts.gz
1388074489	list-7.allpref24/team-1/daily/2013/cycle-20131225/daily.l7.t1.c002906.20131226.dkr-sn.warts.gz
1388074520	list-7.allpref24/team-1/daily/2013/cycle-20131225/daily.l7.t1.c002906.20131226.bma-se.warts.gz
1388106174	list-7.allpref24/team-1/daily/2013/cycle-20131226/daily.l7.t1.c002909.20131226.syd-au.warts.gz
1388106193	list-7.allpref24/team-1/daily/2013/cycle-20131226/daily.l7.t1.c002909.20131226.mnl-ph.warts.gz
1388106297	list-7.allpref24/team-1/daily/2013/cycle-20131226/daily.l7.t1.c002909.20131226.laf-us.warts.gz
1388106310	list-7.allpref24/team-1/daily/2013/cycle-20131226/daily.l7.t1.c002909.20131226.pry-za.warts.gz
1388106320	list-7.allpref24/team-1/daily/2013/cycle-20131226/daily.l7.t1.c002909.20131226.sea-us.warts.gz
1388106349	list-7.allpref24/team-1/daily/2013/cycle-20131226/daily.l7.t1.c002909.20131226.hkg-cn.warts.gz
1388106360	list-7.allpref24/team-1/daily/2013/cycle-20131226/daily.l7.t1.c002909.20131226.nce-fr.warts.gz
1388106387	list-7.allpref24/team-1/daily/2013/cycle-20131226/daily.l7.t1.c002909.20131226.lej-de.warts.gz
1388106428	list-7.allpref24/team-1/daily/2013/cycle-20131226/daily.l7.t1.c002909.20131226.sao-br.warts.gz
1388106440	list-7.allpref24/team-1/daily/2013/cycle-20131226/daily.l7.t1.c002909.20131226.san-us.warts.gz
1388106510	list-7.allpref24/team-1/daily/2013/cycle-20131226/daily.l7.t1.c002909.20131226.gva-ch.warts.gz
1388106534	list-7.allpref24/team-1/daily/2013/cycle-20131226/daily.l7.t1.c002909.20131226.nrt-jp.warts.gz
1388106564	list-7.allpref24/team-1/daily/2013/cycle-20131226/daily.l7.t1.c002909.20131226.dub-ie.warts.gz
1388106593	list-7.allpref24/team-1/daily/2013/cycle-20131226/daily.l7.t1.c002909.20131226.hlz-nz.warts.gz
1388106610	list-7.allpref24/team-1/daily/2013/cycle-20131226/daily.l7.t1.c002909.20131226.bma-se.warts.gz
1388106635	list-7.allpref24/team-1/daily/2013/cycle-20131226/daily.l7.t1.c002909.20131226.bcn-es.warts.gz
1388106673	list-7.allpref24/team-1/daily/2013/cycle-20131226/daily.l7.t1.c002909.20131226.hel-fi.warts.gz
1388106688	list-7.allpref24/team-1/daily/2013/cycle-20131226/daily.l7.t1.c002909.20131226.mry-us.warts.gz
1388106699	list-7.allpref24/team-1/daily/2013/cycle-20131226/daily.l7.t1.c002909.20131226.yto-ca.warts.gz
1388106752	list-7.allpref24/team-1/daily/2013/cycle-20131226/daily.l7.t1.c002909.20131226.ams3-nl.warts.gz
1388106781	list-7.allpref24/team-1/daily/2013/cycle-20131226/daily.l7.t1.c002909.20131226.amw-us.warts.gz
1388106825	list-7.allpref24/team-1/daily/2013/cycle-20131226/daily.l7.t1.c002909.20131226.oak-us.warts.gz
1388106889	list-7.allpref24/team-1/daily/2013/cycle-20131226/daily.l7.t1.c002909.20131226.sin-sg.warts.gz
1388106914	list-7.allpref24/team-1/daily/2013/cycle-20131226/daily.l7.t1.c002909.20131226.dkr-sn.warts.gz
1388106926	list-7.allpref24/team-1/daily/2013/cycle-20131226/daily.l7.t1.c002909.20131226.cjj-kr.warts.gz
1388192608	list-7.allpref24/team-1/daily/2013/cycle-20131226/daily.l7.t1.c002909.20131227.mnl-ph.warts.gz
1388192769	list-7.allpref24/team-1/daily/2013/cycle-20131226/daily.l7.t1.c002909.20131227.sea-us.warts.gz
1388192795	list-7.allpref24/team-1/daily/2013/cycle-20131226/daily.l7.t1.c002909.20131227.bcn-es.warts.gz
1388192957	list-7.allpref24/team-1/daily/2013/cycle-20131226/daily.l7.t1.c002909.20131227.yto-ca.warts.gz
1388193006	list-7.allpref24/team-1/daily/2013/cycle-20131226/daily.l7.t1.c002909.20131227.lej-de.warts.gz
1388193078	list-7.allpref24/team-1/daily/2013/cycle-20131226/daily.l7.t1.c002909.20131227.hel-fi.warts.gz
1388193128	list-7.allpref24/team-1/daily/2013/cycle-20131226/daily.l7.t1.c002909.20131227.pry-za.warts.gz
1388193376	list-7.allpref24/team-1/daily/2013/cycle-20131226/daily.l7.t1.c002909.20131227.gva-ch.warts.gz
1388193401	list-7.allpref24/team-1/daily/2013/cycle-20131226/daily.l7.t1.c002909.20131227.hlz-nz.warts.gz
1388193500	list-7.allpref24/team-1/daily/2013/cycle-20131226/daily.l7.t1.c002909.20131227.sin-sg.warts.gz
1388193551	list-7.allpref24/team-1/daily/2013/cycle-20131226/daily.l7.t1.c002909.20131227.bma-se.warts.gz
1388193678	list-7.allpref24/team-1/daily/2013/cycle-20131226/daily.l7.t1.c002909.20131227.dub-ie.warts.gz
1388193746	list-7.allpref24/team-1/daily/2013/cycle-20131226/daily.l7.t1.c002909.20131227.ams3-nl.warts.gz
1388193772	list-7.allpref24/team-1/daily/2013/cycle-20131226/daily.l7.t1.c002909.20131227.syd-au.warts.gz
1388193799	list-7.allpref24/team-1/daily/2013/cycle-20131226/daily.l7.t1.c002909.20131227.amw-us.warts.gz
1388193823	list-7.allpref24/team-1/daily/2013/cycle-20131226/daily.l7.t1.c002909.20131227.nrt-jp.warts.gz
1388193876	list-7.allpref24/team-1/daily/2013/cycle-20131226/daily.l7.t1.c002909.20131227.cjj-kr.warts.gz
1388193925	list-7.allpref24/team-1/daily/2013/cycle-20131226/daily.l7.t1.c002909.20131227.hkg-cn.warts.gz
1388194051	list-7.allpref24/team-1/daily/2013/cycle-20131226/daily.l7.t1.c002909.20131227.sao-br.warts.gz
1388194151	list-7.allpref24/team-1/daily/2013/cycle-20131226/daily.l7.t1.c002909.20131227.mry-us.warts.gz
1388194199	list-7.allpref24/team-1/daily/2013/cycle-20131226/daily.l7.t1.c002909.20131227.san-us.warts.gz
1388194252	list-7.allpref24/team-1/daily/2013/cycle-20131226/daily.l7.t1.c002909.20131227.laf-us.warts.gz
1388194277	list-7.allpref24/team-1/daily/2013/cycle-20131226/daily.l7.t1.c002909.20131227.nce-fr.warts.gz
1388194354	list-7.allpref24/team-1/daily/2013/cycle-20131226/daily.l7.t1.c002909.20131227.oak-us.warts.gz
1388194435	list-7.allpref24/team-1/daily/2013/cycle-20131226/daily.l7.t1.c002909.20131227.dkr-sn.warts.gz
1388210617	list-7.allpref24/team-1/daily/2013/cycle-20131226/daily.l7.t1.c002909.20131228.syd-au.warts.gz
1388210624	list-7.allpref24/team-1/daily/2013/cycle-20131226/daily.l7.t1.c002909.20131228.bma-se.warts.gz
1388210630	list-7.allpref24/team-1/daily/2013/cycle-20131226/daily.l7.t1.c002909.20131228.lej-de.warts.gz
1388210642	list-7.allpref24/team-1/daily/2013/cycle-20131226/daily.l7.t1.c002909.20131228.sao-br.warts.gz
1388210660	list-7.allpref24/team-1/daily/2013/cycle-20131226/daily.l7.t1.c002909.20131228.oak-us.warts.gz
1388210682	list-7.allpref24/team-1/daily/2013/cycle-20131226/daily.l7.t1.c002909.20131228.cjj-kr.warts.gz
1388210688	list-7.allpref24/team-1/daily/2013/cycle-20131226/daily.l7.t1.c002909.20131228.gva-ch.warts.gz
1388210713	list-7.allpref24/team-1/daily/2013/cycle-20131226/daily.l7.t1.c002909.20131228.dub-ie.warts.gz
1388210718	list-7.allpref24/team-1/daily/2013/cycle-20131226/daily.l7.t1.c002909.20131228.hkg-cn.warts.gz
1388210731	list-7.allpref24/team-1/daily/2013/cycle-20131226/daily.l7.t1.c002909.20131228.pry-za.warts.gz
1388210737	list-7.allpref24/team-1/daily/2013/cycle-20131226/daily.l7.t1.c002909.20131228.amw-us.warts.gz
1388210764	list-7.allpref24/team-1/daily/2013/cycle-20131226/daily.l7.t1.c002909.20131228.mnl-ph.warts.gz
1388210771	list-7.allpref24/team-1/daily/2013/cycle-20131226/daily.l7.t1.c002909.20131228.sea-us.warts.gz
1388210777	list-7.allpref24/team-1/daily/2013/cycle-20131226/daily.l7.t1.c002909.20131228.dkr-sn.warts.gz
1388210791	list-7.allpref24/team-1/daily/2013/cycle-20131226/daily.l7.t1.c002909.20131228.mry-us.warts.gz
1388210802	list-7.allpref24/team-1/daily/2013/cycle-20131226/daily.l7.t1.c002909.20131228.san-us.warts.gz
1388210865	list-7.allpref24/team-1/daily/2013/cycle-20131226/daily.l7.t1.c002909.20131228.ams3-nl.warts.gz
1388210872	list-7.allpref24/team-1/daily/2013/cycle-20131226/daily.l7.t1.c002909.20131228.hel-fi.warts.gz
1388210898	list-7.allpref24/team-1/daily/2013/cycle-20131226/daily.l7.t1.c002909.20131228.sin-sg.warts.gz
1388210912	list-7.allpref24/team-1/daily/2013/cycle-20131226/daily.l7.t1.c002909.20131228.laf-us.warts.gz
1388210947	list-7.allpref24/team-1/daily/2013/cycle-20131226/daily.l7.t1.c002909.20131228.nrt-jp.warts.gz
1388211020	list-7.allpref24/team-1/daily/2013/cycle-20131226/daily.l7.t1.c002909.20131228.nce-fr.warts.gz
1388211049	list-7.allpref24/team-1/daily/2013/cycle-20131226/daily.l7.t1.c002909.20131228.bcn-es.warts.gz
1388211077	list-7.allpref24/team-1/daily/2013/cycle-20131226/daily.l7.t1.c002909.20131228.yto-ca.warts.gz
1388211257	list-7.allpref24/team-1/daily/2013/cycle-20131226/daily.l7.t1.c002909.20131228.hlz-nz.warts.gz
1388278954	list-7.allpref24/team-1/daily/2013/cycle-20131228/daily.l7.t1.c002912.20131228.hkg-cn.warts.gz
1388278973	list-7.allpref24/team-1/daily/2013/cycle-20131228/daily.l7.t1.c002912.20131228.sao-br.warts.gz
1388278991	list-7.allpref24/team-1/daily/2013/cycle-20131228/daily.l7.t1.c002912.20131228.hel-fi.warts.gz
1388279025	list-7.allpref24/team-1/daily/2013/cycle-20131228/daily.l7.t1.c002912.20131228.hlz-nz.warts.gz
1388279098	list-7.allpref24/team-1/daily/2013/cycle-20131228/daily.l7.t1.c002912.20131228.laf-us.warts.gz
1388279187	list-7.allpref24/team-1/daily/2013/cycle-20131228/daily.l7.t1.c002912.20131228.oak-us.warts.gz
1388279273	list-7.allpref24/team-1/daily/2013/cycle-20131228/daily.l7.t1.c002912.20131228.cjj-kr.warts.gz
1388279366	list-7.allpref24/team-1/daily/2013/cycle-20131228/daily.l7.t1.c002912.20131228.sea-us.warts.gz
1388279387	list-7.allpref24/team-1/daily/2013/cycle-20131228/daily.l7.t1.c002912.20131228.san-us.warts.gz
1388279443	list-7.allpref24/team-1/daily/2013/cycle-20131228/daily.l7.t1.c002912.20131228.yto-ca.warts.gz
1388279560	list-7.allpref24/team-1/daily/2013/cycle-20131228/daily.l7.t1.c002912.20131228.amw-us.warts.gz
1388279599	list-7.allpref24/team-1/daily/2013/cycle-20131228/daily.l7.t1.c002912.20131228.pry-za.warts.gz
1388279671	list-7.allpref24/team-1/daily/2013/cycle-20131228/daily.l7.t1.c002912.20131228.mry-us.warts.gz
1388279743	list-7.allpref24/team-1/daily/2013/cycle-20131228/daily.l7.t1.c002912.20131228.ams3-nl.warts.gz
1388279795	list-7.allpref24/team-1/daily/2013/cycle-20131228/daily.l7.t1.c002912.20131228.nrt-jp.warts.gz
1388279881	list-7.allpref24/team-1/daily/2013/cycle-20131228/daily.l7.t1.c002912.20131228.nce-fr.warts.gz
1388279988	list-7.allpref24/team-1/daily/2013/cycle-20131228/daily.l7.t1.c002912.20131228.gva-ch.warts.gz
1388280030	list-7.allpref24/team-1/daily/2013/cycle-20131228/daily.l7.t1.c002912.20131228.dub-ie.warts.gz
1388280064	list-7.allpref24/team-1/daily/2013/cycle-20131228/daily.l7.t1.c002912.20131228.lej-de.warts.gz
1388280084	list-7.allpref24/team-1/daily/2013/cycle-20131228/daily.l7.t1.c002912.20131228.syd-au.warts.gz
1388280104	list-7.allpref24/team-1/daily/2013/cycle-20131228/daily.l7.t1.c002912.20131228.mnl-ph.warts.gz
1388280122	list-7.allpref24/team-1/daily/2013/cycle-20131228/daily.l7.t1.c002912.20131228.sin-sg.warts.gz
1388280176	list-7.allpref24/team-1/daily/2013/cycle-20131228/daily.l7.t1.c002912.20131228.bcn-es.warts.gz
1388280196	list-7.allpref24/team-1/daily/2013/cycle-20131228/daily.l7.t1.c002912.20131228.dkr-sn.warts.gz
1388280259	list-7.allpref24/team-1/daily/2013/cycle-20131228/daily.l7.t1.c002912.20131228.bma-se.warts.gz
1388347371	list-7.allpref24/team-1/daily/2013/cycle-20131228/daily.l7.t1.c002912.20131229.yto-ca.warts.gz
1388347391	list-7.allpref24/team-1/daily/2013/cycle-20131228/daily.l7.t1.c002912.20131229.lej-de.warts.gz
1388347411	list-7.allpref24/team-1/daily/2013/cycle-20131228/daily.l7.t1.c002912.20131229.dub-ie.warts.gz
1388347487	list-7.allpref24/team-1/daily/2013/cycle-20131228/daily.l7.t1.c002912.20131229.amw-us.warts.gz
1388347509	list-7.allpref24/team-1/daily/2013/cycle-20131228/daily.l7.t1.c002912.20131229.oak-us.warts.gz
1388347529	list-7.allpref24/team-1/daily/2013/cycle-20131228/daily.l7.t1.c002912.20131229.dkr-sn.warts.gz
1388347549	list-7.allpref24/team-1/daily/2013/cycle-20131228/daily.l7.t1.c002912.20131229.laf-us.warts.gz
1388347569	list-7.allpref24/team-1/daily/2013/cycle-20131228/daily.l7.t1.c002912.20131229.mnl-ph.warts.gz
1388347588	list-7.allpref24/team-1/daily/2013/cycle-20131228/daily.l7.t1.c002912.20131229.sea-us.warts.gz
1388347610	list-7.allpref24/team-1/daily/2013/cycle-20131228/daily.l7.t1.c002912.20131229.gva-ch.warts.gz
1388347630	list-7.allpref24/team-1/daily/2013/cycle-20131228/daily.l7.t1.c002912.20131229.sao-br.warts.gz
1388347650	list-7.allpref24/team-1/daily/2013/cycle-20131228/daily.l7.t1.c002912.20131229.hlz-nz.warts.gz
1388347667	list-7.allpref24/team-1/daily/2013/cycle-20131228/daily.l7.t1.c002912.20131229.ams3-nl.warts.gz
1388347686	list-7.allpref24/team-1/daily/2013/cycle-20131228/daily.l7.t1.c002912.20131229.mry-us.warts.gz
1388347703	list-7.allpref24/team-1/daily/2013/cycle-20131228/daily.l7.t1.c002912.20131229.hkg-cn.warts.gz
1388347723	list-7.allpref24/team-1/daily/2013/cycle-20131228/daily.l7.t1.c002912.20131229.nce-fr.warts.gz
1388347742	list-7.allpref24/team-1/daily/2013/cycle-20131228/daily.l7.t1.c002912.20131229.hel-fi.warts.gz
1388347760	list-7.allpref24/team-1/daily/2013/cycle-20131228/daily.l7.t1.c002912.20131229.nrt-jp.warts.gz
1388347782	list-7.allpref24/team-1/daily/2013/cycle-20131228/daily.l7.t1.c002912.20131229.san-us.warts.gz
1388347803	list-7.allpref24/team-1/daily/2013/cycle-20131228/daily.l7.t1.c002912.20131229.cjj-kr.warts.gz
1388347824	list-7.allpref24/team-1/daily/2013/cycle-20131228/daily.l7.t1.c002912.20131229.sin-sg.warts.gz
1388347848	list-7.allpref24/team-1/daily/2013/cycle-20131228/daily.l7.t1.c002912.20131229.bcn-es.warts.gz
1388347875	list-7.allpref24/team-1/daily/2013/cycle-20131228/daily.l7.t1.c002912.20131229.syd-au.warts.gz
1388347938	list-7.allpref24/team-1/daily/2013/cycle-20131228/daily.l7.t1.c002912.20131229.pry-za.warts.gz
1388348050	list-7.allpref24/team-1/daily/2013/cycle-20131228/daily.l7.t1.c002912.20131229.bma-se.warts.gz
1388365328	list-7.allpref24/team-1/daily/2013/cycle-20131229/daily.l7.t1.c002914.20131229.mnl-ph.warts.gz
1388365374	list-7.allpref24/team-1/daily/2013/cycle-20131229/daily.l7.t1.c002914.20131229.syd-au.warts.gz
1388365387	list-7.allpref24/team-1/daily/2013/cycle-20131229/daily.l7.t1.c002914.20131229.oak-us.warts.gz
1388365394	list-7.allpref24/team-1/daily/2013/cycle-20131229/daily.l7.t1.c002914.20131229.ams3-nl.warts.gz
1388365418	list-7.allpref24/team-1/daily/2013/cycle-20131229/daily.l7.t1.c002914.20131229.bcn-es.warts.gz
1388365425	list-7.allpref24/team-1/daily/2013/cycle-20131229/daily.l7.t1.c002914.20131229.sao-br.warts.gz
1388365438	list-7.allpref24/team-1/daily/2013/cycle-20131229/daily.l7.t1.c002914.20131229.bma-se.warts.gz
1388365450	list-7.allpref24/team-1/daily/2013/cycle-20131229/daily.l7.t1.c002914.20131229.mry-us.warts.gz
1388365457	list-7.allpref24/team-1/daily/2013/cycle-20131229/daily.l7.t1.c002914.20131229.lej-de.warts.gz
1388365601	list-7.allpref24/team-1/daily/2013/cycle-20131229/daily.l7.t1.c002914.20131229.gva-ch.warts.gz
1388365605	list-7.allpref24/team-1/daily/2013/cycle-20131229/daily.l7.t1.c002914.20131229.hkg-cn.warts.gz
1388365609	list-7.allpref24/team-1/daily/2013/cycle-20131229/daily.l7.t1.c002914.20131229.dub-ie.warts.gz
1388365618	list-7.allpref24/team-1/daily/2013/cycle-20131229/daily.l7.t1.c002914.20131229.nrt-jp.warts.gz
1388365656	list-7.allpref24/team-1/daily/2013/cycle-20131229/daily.l7.t1.c002914.20131229.yto-ca.warts.gz
1388365677	list-7.allpref24/team-1/daily/2013/cycle-20131229/daily.l7.t1.c002914.20131229.hel-fi.warts.gz
1388365685	list-7.allpref24/team-1/daily/2013/cycle-20131229/daily.l7.t1.c002914.20131229.nce-fr.warts.gz
1388365699	list-7.allpref24/team-1/daily/2013/cycle-20131229/daily.l7.t1.c002914.20131229.amw-us.warts.gz
1388365714	list-7.allpref24/team-1/daily/2013/cycle-20131229/daily.l7.t1.c002914.20131229.pry-za.warts.gz
1388365728	list-7.allpref24/team-1/daily/2013/cycle-20131229/daily.l7.t1.c002914.20131229.sin-sg.warts.gz
1388365736	list-7.allpref24/team-1/daily/2013/cycle-20131229/daily.l7.t1.c002914.20131229.san-us.warts.gz
1388365793	list-7.allpref24/team-1/daily/2013/cycle-20131229/daily.l7.t1.c002914.20131229.cjj-kr.warts.gz
1388365797	list-7.allpref24/team-1/daily/2013/cycle-20131229/daily.l7.t1.c002914.20131229.laf-us.warts.gz
1388365805	list-7.allpref24/team-1/daily/2013/cycle-20131229/daily.l7.t1.c002914.20131229.hlz-nz.warts.gz
1388365828	list-7.allpref24/team-1/daily/2013/cycle-20131229/daily.l7.t1.c002914.20131229.dkr-sn.warts.gz
1388365832	list-7.allpref24/team-1/daily/2013/cycle-20131229/daily.l7.t1.c002914.20131229.sea-us.warts.gz
1388451748	list-7.allpref24/team-1/daily/2013/cycle-20131229/daily.l7.t1.c002914.20131230.mnl-ph.warts.gz
1388451809	list-7.allpref24/team-1/daily/2013/cycle-20131229/daily.l7.t1.c002914.20131230.amw-us.warts.gz
1388451894	list-7.allpref24/team-1/daily/2013/cycle-20131229/daily.l7.t1.c002914.20131230.syd-au.warts.gz
1388451998	list-7.allpref24/team-1/daily/2013/cycle-20131229/daily.l7.t1.c002914.20131230.yto-ca.warts.gz
1388452028	list-7.allpref24/team-1/daily/2013/cycle-20131229/daily.l7.t1.c002914.20131230.pry-za.warts.gz
1388452054	list-7.allpref24/team-1/daily/2013/cycle-20131229/daily.l7.t1.c002914.20131230.laf-us.warts.gz
1388452073	list-7.allpref24/team-1/daily/2013/cycle-20131229/daily.l7.t1.c002914.20131230.ams3-nl.warts.gz
1388452120	list-7.allpref24/team-1/daily/2013/cycle-20131229/daily.l7.t1.c002914.20131230.hkg-cn.warts.gz
1388452194	list-7.allpref24/team-1/daily/2013/cycle-20131229/daily.l7.t1.c002914.20131230.dub-ie.warts.gz
1388452264	list-7.allpref24/team-1/daily/2013/cycle-20131229/daily.l7.t1.c002914.20131230.lej-de.warts.gz
1388452291	list-7.allpref24/team-1/daily/2013/cycle-20131229/daily.l7.t1.c002914.20131230.sea-us.warts.gz
1388452394	list-7.allpref24/team-1/daily/2013/cycle-20131229/daily.l7.t1.c002914.20131230.hlz-nz.warts.gz
1388452550	list-7.allpref24/team-1/daily/2013/cycle-20131229/daily.l7.t1.c002914.20131230.hel-fi.warts.gz
1388452725	list-7.allpref24/team-1/daily/2013/cycle-20131229/daily.l7.t1.c002914.20131230.oak-us.warts.gz
1388452879	list-7.allpref24/team-1/daily/2013/cycle-20131229/daily.l7.t1.c002914.20131230.bcn-es.warts.gz
1388453080	list-7.allpref24/team-1/daily/2013/cycle-20131229/daily.l7.t1.c002914.20131230.nce-fr.warts.gz
1388453241	list-7.allpref24/team-1/daily/2013/cycle-20131229/daily.l7.t1.c002914.20131230.dkr-sn.warts.gz
1388453266	list-7.allpref24/team-1/daily/2013/cycle-20131229/daily.l7.t1.c002914.20131230.nrt-jp.warts.gz
1388453290	list-7.allpref24/team-1/daily/2013/cycle-20131229/daily.l7.t1.c002914.20131230.mry-us.warts.gz
1388453316	list-7.allpref24/team-1/daily/2013/cycle-20131229/daily.l7.t1.c002914.20131230.bma-se.warts.gz
1388453344	list-7.allpref24/team-1/daily/2013/cycle-20131229/daily.l7.t1.c002914.20131230.sao-br.warts.gz
1388453393	list-7.allpref24/team-1/daily/2013/cycle-20131229/daily.l7.t1.c002914.20131230.gva-ch.warts.gz
1388453500	list-7.allpref24/team-1/daily/2013/cycle-20131229/daily.l7.t1.c002914.20131230.cjj-kr.warts.gz
1388453574	list-7.allpref24/team-1/daily/2013/cycle-20131229/daily.l7.t1.c002914.20131230.san-us.warts.gz
1388487833	list-7.allpref24/team-1/daily/2013/cycle-20131229/daily.l7.t1.c002914.20131231.bcn-es.warts.gz
1388487860	list-7.allpref24/team-1/daily/2013/cycle-20131229/daily.l7.t1.c002914.20131231.laf-us.warts.gz
1388487890	list-7.allpref24/team-1/daily/2013/cycle-20131229/daily.l7.t1.c002914.20131231.dkr-sn.warts.gz
1388487919	list-7.allpref24/team-1/daily/2013/cycle-20131229/daily.l7.t1.c002914.20131231.cjj-kr.warts.gz
1388487933	list-7.allpref24/team-1/daily/2013/cycle-20131229/daily.l7.t1.c002914.20131231.mnl-ph.warts.gz
1388487943	list-7.allpref24/team-1/daily/2013/cycle-20131229/daily.l7.t1.c002914.20131231.hkg-cn.warts.gz
1388487959	list-7.allpref24/team-1/daily/2013/cycle-20131229/daily.l7.t1.c002914.20131231.nce-fr.warts.gz
1388488002	list-7.allpref24/team-1/daily/2013/cycle-20131229/daily.l7.t1.c002914.20131231.sao-br.warts.gz
1388488055	list-7.allpref24/team-1/daily/2013/cycle-20131229/daily.l7.t1.c002914.20131231.hel-fi.warts.gz
1388488074	list-7.allpref24/team-1/daily/2013/cycle-20131229/daily.l7.t1.c002914.20131231.amw-us.warts.gz
1388488087	list-7.allpref24/team-1/daily/2013/cycle-20131229/daily.l7.t1.c002914.20131231.dub-ie.warts.gz
1388488101	list-7.allpref24/team-1/daily/2013/cycle-20131229/daily.l7.t1.c002914.20131231.gva-ch.warts.gz
1388488114	list-7.allpref24/team-1/daily/2013/cycle-20131229/daily.l7.t1.c002914.20131231.syd-au.warts.gz
1388488125	list-7.allpref24/team-1/daily/2013/cycle-20131229/daily.l7.t1.c002914.20131231.nrt-jp.warts.gz
1388488148	list-7.allpref24/team-1/daily/2013/cycle-20131229/daily.l7.t1.c002914.20131231.san-us.warts.gz
1388488160	list-7.allpref24/team-1/daily/2013/cycle-20131229/daily.l7.t1.c002914.20131231.hlz-nz.warts.gz
1388488175	list-7.allpref24/team-1/daily/2013/cycle-20131229/daily.l7.t1.c002914.20131231.yto-ca.warts.gz
1388488188	list-7.allpref24/team-1/daily/2013/cycle-20131229/daily.l7.t1.c002914.20131231.pry-za.warts.gz
1388488257	list-7.allpref24/team-1/daily/2013/cycle-20131229/daily.l7.t1.c002914.20131231.sea-us.warts.gz
1388488269	list-7.allpref24/team-1/daily/2013/cycle-20131229/daily.l7.t1.c002914.20131231.mry-us.warts.gz
1388488281	list-7.allpref24/team-1/daily/2013/cycle-20131229/daily.l7.t1.c002914.20131231.lej-de.warts.gz
1388488291	list-7.allpref24/team-1/daily/2013/cycle-20131229/daily.l7.t1.c002914.20131231.bma-se.warts.gz
1388488299	list-7.allpref24/team-1/daily/2013/cycle-20131229/daily.l7.t1.c002914.20131231.ams3-nl.warts.gz
1388488311	list-7.allpref24/team-1/daily/2013/cycle-20131229/daily.l7.t1.c002914.20131231.oak-us.warts.gz
1388538211	list-7.allpref24/team-1/daily/2013/cycle-20131231/daily.l7.t1.c002918.20131231.gva-ch.warts.gz
1388538281	list-7.allpref24/team-1/daily/2013/cycle-20131231/daily.l7.t1.c002918.20131231.yto-ca.warts.gz
1388538299	list-7.allpref24/team-1/daily/2013/cycle-20131231/daily.l7.t1.c002918.20131231.pry-za.warts.gz
1388538356	list-7.allpref24/team-1/daily/2013/cycle-20131231/daily.l7.t1.c002918.20131231.nce-fr.warts.gz
1388538413	list-7.allpref24/team-1/daily/2013/cycle-20131231/daily.l7.t1.c002918.20131231.mnl-ph.warts.gz
1388538430	list-7.allpref24/team-1/daily/2013/cycle-20131231/daily.l7.t1.c002918.20131231.lej-de.warts.gz
1388538468	list-7.allpref24/team-1/daily/2013/cycle-20131231/daily.l7.t1.c002918.20131231.sea-us.warts.gz
1388538578	list-7.allpref24/team-1/daily/2013/cycle-20131231/daily.l7.t1.c002918.20131231.syd-au.warts.gz
1388538594	list-7.allpref24/team-1/daily/2013/cycle-20131231/daily.l7.t1.c002918.20131231.dub-ie.warts.gz
1388538611	list-7.allpref24/team-1/daily/2013/cycle-20131231/daily.l7.t1.c002918.20131231.oak-us.warts.gz
1388538630	list-7.allpref24/team-1/daily/2013/cycle-20131231/daily.l7.t1.c002918.20131231.cjj-kr.warts.gz
1388538645	list-7.allpref24/team-1/daily/2013/cycle-20131231/daily.l7.t1.c002918.20131231.laf-us.warts.gz
1388538668	list-7.allpref24/team-1/daily/2013/cycle-20131231/daily.l7.t1.c002918.20131231.sao-br.warts.gz
1388538776	list-7.allpref24/team-1/daily/2013/cycle-20131231/daily.l7.t1.c002918.20131231.ams3-nl.warts.gz
1388538817	list-7.allpref24/team-1/daily/2013/cycle-20131231/daily.l7.t1.c002918.20131231.bma-se.warts.gz
1388538901	list-7.allpref24/team-1/daily/2013/cycle-20131231/daily.l7.t1.c002918.20131231.mry-us.warts.gz
1388538916	list-7.allpref24/team-1/daily/2013/cycle-20131231/daily.l7.t1.c002918.20131231.nrt-jp.warts.gz
1388538941	list-7.allpref24/team-1/daily/2013/cycle-20131231/daily.l7.t1.c002918.20131231.hlz-nz.warts.gz
1388538957	list-7.allpref24/team-1/daily/2013/cycle-20131231/daily.l7.t1.c002918.20131231.hel-fi.warts.gz
1388538988	list-7.allpref24/team-1/daily/2013/cycle-20131231/daily.l7.t1.c002918.20131231.hkg-cn.warts.gz
1388539027	list-7.allpref24/team-1/daily/2013/cycle-20131231/daily.l7.t1.c002918.20131231.san-us.warts.gz
1388539055	list-7.allpref24/team-1/daily/2013/cycle-20131231/daily.l7.t1.c002918.20131231.dkr-sn.warts.gz
1388539091	list-7.allpref24/team-1/daily/2013/cycle-20131231/daily.l7.t1.c002918.20131231.bcn-es.warts.gz
1388539109	list-7.allpref24/team-1/daily/2013/cycle-20131231/daily.l7.t1.c002918.20131231.amw-us.warts.gz
