# Format: 1
# Fields: timestamp daily_path
# Generated: 2013-12-31 17:19:23 -0800
# --------------------------------------------------------------------------
1387958745	list-7.allpref24/team-2/daily/2013/cycle-20131223/daily.l7.t2.c002904.20131225.tpe-tw.warts.gz
1387958770	list-7.allpref24/team-2/daily/2013/cycle-20131223/daily.l7.t2.c002904.20131225.bed2-us.warts.gz
1387958775	list-7.allpref24/team-2/daily/2013/cycle-20131223/daily.l7.t2.c002904.20131225.fnl-us.warts.gz
1387958783	list-7.allpref24/team-2/daily/2013/cycle-20131223/daily.l7.t2.c002904.20131225.cmn-ma.warts.gz
1387958801	list-7.allpref24/team-2/daily/2013/cycle-20131223/daily.l7.t2.c002904.20131225.per-au.warts.gz
1387958808	list-7.allpref24/team-2/daily/2013/cycle-20131223/daily.l7.t2.c002904.20131225.ams-nl.warts.gz
1387958915	list-7.allpref24/team-2/daily/2013/cycle-20131223/daily.l7.t2.c002904.20131225.cph-dk.warts.gz
1387958926	list-7.allpref24/team-2/daily/2013/cycle-20131223/daily.l7.t2.c002904.20131225.arn-se.warts.gz
1387958934	list-7.allpref24/team-2/daily/2013/cycle-20131223/daily.l7.t2.c002904.20131225.san3-us.warts.gz
1387958952	list-7.allpref24/team-2/daily/2013/cycle-20131223/daily.l7.t2.c002904.20131225.yow-ca.warts.gz
1387958975	list-7.allpref24/team-2/daily/2013/cycle-20131223/daily.l7.t2.c002904.20131225.bud2-hu.warts.gz
1387959025	list-7.allpref24/team-2/daily/2013/cycle-20131223/daily.l7.t2.c002904.20131225.pek-cn.warts.gz
1387959049	list-7.allpref24/team-2/daily/2013/cycle-20131223/daily.l7.t2.c002904.20131225.iad-us.warts.gz
1387959110	list-7.allpref24/team-2/daily/2013/cycle-20131223/daily.l7.t2.c002904.20131225.lex-us.warts.gz
1388019793	list-7.allpref24/team-2/daily/2013/cycle-20131225/daily.l7.t2.c002907.20131225.yow-ca.warts.gz
1388019879	list-7.allpref24/team-2/daily/2013/cycle-20131225/daily.l7.t2.c002907.20131225.tpe-tw.warts.gz
1388020031	list-7.allpref24/team-2/daily/2013/cycle-20131225/daily.l7.t2.c002907.20131225.arn-se.warts.gz
1388020066	list-7.allpref24/team-2/daily/2013/cycle-20131225/daily.l7.t2.c002907.20131225.ktm-np.warts.gz
1388020103	list-7.allpref24/team-2/daily/2013/cycle-20131225/daily.l7.t2.c002907.20131225.snn-ie.warts.gz
1388020232	list-7.allpref24/team-2/daily/2013/cycle-20131225/daily.l7.t2.c002907.20131225.bwi-us.warts.gz
1388020502	list-7.allpref24/team-2/daily/2013/cycle-20131225/daily.l7.t2.c002907.20131225.zrh-ch.warts.gz
1388020516	list-7.allpref24/team-2/daily/2013/cycle-20131225/daily.l7.t2.c002907.20131225.ams-nl.warts.gz
1388020555	list-7.allpref24/team-2/daily/2013/cycle-20131225/daily.l7.t2.c002907.20131225.hnl-us.warts.gz
1388020569	list-7.allpref24/team-2/daily/2013/cycle-20131225/daily.l7.t2.c002907.20131225.lex-us.warts.gz
1388020611	list-7.allpref24/team-2/daily/2013/cycle-20131225/daily.l7.t2.c002907.20131225.fnl-us.warts.gz
1388020625	list-7.allpref24/team-2/daily/2013/cycle-20131225/daily.l7.t2.c002907.20131225.sjc2-us.warts.gz
1388020666	list-7.allpref24/team-2/daily/2013/cycle-20131225/daily.l7.t2.c002907.20131225.cph-dk.warts.gz
1388020702	list-7.allpref24/team-2/daily/2013/cycle-20131225/daily.l7.t2.c002907.20131225.cbg-uk.warts.gz
1388020719	list-7.allpref24/team-2/daily/2013/cycle-20131225/daily.l7.t2.c002907.20131225.per-au.warts.gz
1388020762	list-7.allpref24/team-2/daily/2013/cycle-20131225/daily.l7.t2.c002907.20131225.lax-us.warts.gz
1388020778	list-7.allpref24/team-2/daily/2013/cycle-20131225/daily.l7.t2.c002907.20131225.cdg-fr.warts.gz
1388020837	list-7.allpref24/team-2/daily/2013/cycle-20131225/daily.l7.t2.c002907.20131225.bud2-hu.warts.gz
1388020853	list-7.allpref24/team-2/daily/2013/cycle-20131225/daily.l7.t2.c002907.20131225.san3-us.warts.gz
1388020870	list-7.allpref24/team-2/daily/2013/cycle-20131225/daily.l7.t2.c002907.20131225.rno-us.warts.gz
1388020887	list-7.allpref24/team-2/daily/2013/cycle-20131225/daily.l7.t2.c002907.20131225.pek-cn.warts.gz
1388020926	list-7.allpref24/team-2/daily/2013/cycle-20131225/daily.l7.t2.c002907.20131225.cmn-ma.warts.gz
1388021035	list-7.allpref24/team-2/daily/2013/cycle-20131225/daily.l7.t2.c002907.20131225.cgk-id.warts.gz
1388021089	list-7.allpref24/team-2/daily/2013/cycle-20131225/daily.l7.t2.c002907.20131225.vie-at.warts.gz
1388021103	list-7.allpref24/team-2/daily/2013/cycle-20131225/daily.l7.t2.c002907.20131225.iad-us.warts.gz
1388021116	list-7.allpref24/team-2/daily/2013/cycle-20131225/daily.l7.t2.c002907.20131225.bed2-us.warts.gz
1388088156	list-7.allpref24/team-2/daily/2013/cycle-20131225/daily.l7.t2.c002907.20131226.lax-us.warts.gz
1388088186	list-7.allpref24/team-2/daily/2013/cycle-20131225/daily.l7.t2.c002907.20131226.rno-us.warts.gz
1388088205	list-7.allpref24/team-2/daily/2013/cycle-20131225/daily.l7.t2.c002907.20131226.iad-us.warts.gz
1388088227	list-7.allpref24/team-2/daily/2013/cycle-20131225/daily.l7.t2.c002907.20131226.cbg-uk.warts.gz
1388088250	list-7.allpref24/team-2/daily/2013/cycle-20131225/daily.l7.t2.c002907.20131226.cgk-id.warts.gz
1388088272	list-7.allpref24/team-2/daily/2013/cycle-20131225/daily.l7.t2.c002907.20131226.cdg-fr.warts.gz
1388088292	list-7.allpref24/team-2/daily/2013/cycle-20131225/daily.l7.t2.c002907.20131226.lex-us.warts.gz
1388088312	list-7.allpref24/team-2/daily/2013/cycle-20131225/daily.l7.t2.c002907.20131226.sjc2-us.warts.gz
1388088333	list-7.allpref24/team-2/daily/2013/cycle-20131225/daily.l7.t2.c002907.20131226.bwi-us.warts.gz
1388088355	list-7.allpref24/team-2/daily/2013/cycle-20131225/daily.l7.t2.c002907.20131226.ktm-np.warts.gz
1388088380	list-7.allpref24/team-2/daily/2013/cycle-20131225/daily.l7.t2.c002907.20131226.per-au.warts.gz
1388088427	list-7.allpref24/team-2/daily/2013/cycle-20131225/daily.l7.t2.c002907.20131226.ams-nl.warts.gz
1388088453	list-7.allpref24/team-2/daily/2013/cycle-20131225/daily.l7.t2.c002907.20131226.zrh-ch.warts.gz
1388088508	list-7.allpref24/team-2/daily/2013/cycle-20131225/daily.l7.t2.c002907.20131226.bud2-hu.warts.gz
1388088530	list-7.allpref24/team-2/daily/2013/cycle-20131225/daily.l7.t2.c002907.20131226.pek-cn.warts.gz
1388088552	list-7.allpref24/team-2/daily/2013/cycle-20131225/daily.l7.t2.c002907.20131226.san3-us.warts.gz
1388088573	list-7.allpref24/team-2/daily/2013/cycle-20131225/daily.l7.t2.c002907.20131226.vie-at.warts.gz
1388088596	list-7.allpref24/team-2/daily/2013/cycle-20131225/daily.l7.t2.c002907.20131226.yow-ca.warts.gz
1388088618	list-7.allpref24/team-2/daily/2013/cycle-20131225/daily.l7.t2.c002907.20131226.tpe-tw.warts.gz
1388088638	list-7.allpref24/team-2/daily/2013/cycle-20131225/daily.l7.t2.c002907.20131226.arn-se.warts.gz
1388088661	list-7.allpref24/team-2/daily/2013/cycle-20131225/daily.l7.t2.c002907.20131226.hnl-us.warts.gz
1388088685	list-7.allpref24/team-2/daily/2013/cycle-20131225/daily.l7.t2.c002907.20131226.cmn-ma.warts.gz
1388088705	list-7.allpref24/team-2/daily/2013/cycle-20131225/daily.l7.t2.c002907.20131226.fnl-us.warts.gz
1388088727	list-7.allpref24/team-2/daily/2013/cycle-20131225/daily.l7.t2.c002907.20131226.cph-dk.warts.gz
1388088759	list-7.allpref24/team-2/daily/2013/cycle-20131225/daily.l7.t2.c002907.20131226.snn-ie.warts.gz
1388092146	list-7.allpref24/team-2/daily/2013/cycle-20131225/daily.l7.t2.c002907.20131226.bed2-us.warts.gz
1388106131	list-7.allpref24/team-2/daily/2013/cycle-20131226/daily.l7.t2.c002910.20131226.cmn-ma.warts.gz
1388106136	list-7.allpref24/team-2/daily/2013/cycle-20131226/daily.l7.t2.c002910.20131226.hnl-us.warts.gz
1388106141	list-7.allpref24/team-2/daily/2013/cycle-20131226/daily.l7.t2.c002910.20131226.iad-us.warts.gz
1388106260	list-7.allpref24/team-2/daily/2013/cycle-20131226/daily.l7.t2.c002910.20131226.cbg-uk.warts.gz
1388106265	list-7.allpref24/team-2/daily/2013/cycle-20131226/daily.l7.t2.c002910.20131226.lax-us.warts.gz
1388106326	list-7.allpref24/team-2/daily/2013/cycle-20131226/daily.l7.t2.c002910.20131226.pek-cn.warts.gz
1388106366	list-7.allpref24/team-2/daily/2013/cycle-20131226/daily.l7.t2.c002910.20131226.cph-dk.warts.gz
1388106370	list-7.allpref24/team-2/daily/2013/cycle-20131226/daily.l7.t2.c002910.20131226.arn-se.warts.gz
1388106376	list-7.allpref24/team-2/daily/2013/cycle-20131226/daily.l7.t2.c002910.20131226.rno-us.warts.gz
1388106392	list-7.allpref24/team-2/daily/2013/cycle-20131226/daily.l7.t2.c002910.20131226.ktm-np.warts.gz
1388106396	list-7.allpref24/team-2/daily/2013/cycle-20131226/daily.l7.t2.c002910.20131226.lex-us.warts.gz
1388106402	list-7.allpref24/team-2/daily/2013/cycle-20131226/daily.l7.t2.c002910.20131226.zrh-ch.warts.gz
1388106463	list-7.allpref24/team-2/daily/2013/cycle-20131226/daily.l7.t2.c002910.20131226.yow-ca.warts.gz
1388106484	list-7.allpref24/team-2/daily/2013/cycle-20131226/daily.l7.t2.c002910.20131226.cgk-id.warts.gz
1388106538	list-7.allpref24/team-2/daily/2013/cycle-20131226/daily.l7.t2.c002910.20131226.bed2-us.warts.gz
1388106598	list-7.allpref24/team-2/daily/2013/cycle-20131226/daily.l7.t2.c002910.20131226.sjc2-us.warts.gz
1388106616	list-7.allpref24/team-2/daily/2013/cycle-20131226/daily.l7.t2.c002910.20131226.vie-at.warts.gz
1388106622	list-7.allpref24/team-2/daily/2013/cycle-20131226/daily.l7.t2.c002910.20131226.tpe-tw.warts.gz
1388106640	list-7.allpref24/team-2/daily/2013/cycle-20131226/daily.l7.t2.c002910.20131226.ams-nl.warts.gz
1388106644	list-7.allpref24/team-2/daily/2013/cycle-20131226/daily.l7.t2.c002910.20131226.bwi-us.warts.gz
1388106679	list-7.allpref24/team-2/daily/2013/cycle-20131226/daily.l7.t2.c002910.20131226.san3-us.warts.gz
1388106705	list-7.allpref24/team-2/daily/2013/cycle-20131226/daily.l7.t2.c002910.20131226.cdg-fr.warts.gz
1388106709	list-7.allpref24/team-2/daily/2013/cycle-20131226/daily.l7.t2.c002910.20131226.fnl-us.warts.gz
1388106814	list-7.allpref24/team-2/daily/2013/cycle-20131226/daily.l7.t2.c002910.20131226.snn-ie.warts.gz
1388106848	list-7.allpref24/team-2/daily/2013/cycle-20131226/daily.l7.t2.c002910.20131226.per-au.warts.gz
1388106931	list-7.allpref24/team-2/daily/2013/cycle-20131226/daily.l7.t2.c002910.20131226.bud2-hu.warts.gz
1388192713	list-7.allpref24/team-2/daily/2013/cycle-20131226/daily.l7.t2.c002910.20131227.fnl-us.warts.gz
1388192742	list-7.allpref24/team-2/daily/2013/cycle-20131226/daily.l7.t2.c002910.20131227.rno-us.warts.gz
1388192821	list-7.allpref24/team-2/daily/2013/cycle-20131226/daily.l7.t2.c002910.20131227.tpe-tw.warts.gz
1388192849	list-7.allpref24/team-2/daily/2013/cycle-20131226/daily.l7.t2.c002910.20131227.zrh-ch.warts.gz
1388192904	list-7.allpref24/team-2/daily/2013/cycle-20131226/daily.l7.t2.c002910.20131227.hnl-us.warts.gz
1388192931	list-7.allpref24/team-2/daily/2013/cycle-20131226/daily.l7.t2.c002910.20131227.per-au.warts.gz
1388193054	list-7.allpref24/team-2/daily/2013/cycle-20131226/daily.l7.t2.c002910.20131227.bwi-us.warts.gz
1388193150	list-7.allpref24/team-2/daily/2013/cycle-20131226/daily.l7.t2.c002910.20131227.ams-nl.warts.gz
1388193225	list-7.allpref24/team-2/daily/2013/cycle-20131226/daily.l7.t2.c002910.20131227.san3-us.warts.gz
1388193273	list-7.allpref24/team-2/daily/2013/cycle-20131226/daily.l7.t2.c002910.20131227.lex-us.warts.gz
1388193296	list-7.allpref24/team-2/daily/2013/cycle-20131226/daily.l7.t2.c002910.20131227.arn-se.warts.gz
1388193323	list-7.allpref24/team-2/daily/2013/cycle-20131226/daily.l7.t2.c002910.20131227.cbg-uk.warts.gz
1388193422	list-7.allpref24/team-2/daily/2013/cycle-20131226/daily.l7.t2.c002910.20131227.snn-ie.warts.gz
1388193450	list-7.allpref24/team-2/daily/2013/cycle-20131226/daily.l7.t2.c002910.20131227.cmn-ma.warts.gz
1388193473	list-7.allpref24/team-2/daily/2013/cycle-20131226/daily.l7.t2.c002910.20131227.ktm-np.warts.gz
1388193526	list-7.allpref24/team-2/daily/2013/cycle-20131226/daily.l7.t2.c002910.20131227.cdg-fr.warts.gz
1388193598	list-7.allpref24/team-2/daily/2013/cycle-20131226/daily.l7.t2.c002910.20131227.sjc2-us.warts.gz
1388193704	list-7.allpref24/team-2/daily/2013/cycle-20131226/daily.l7.t2.c002910.20131227.cgk-id.warts.gz
1388193902	list-7.allpref24/team-2/daily/2013/cycle-20131226/daily.l7.t2.c002910.20131227.lax-us.warts.gz
1388193949	list-7.allpref24/team-2/daily/2013/cycle-20131226/daily.l7.t2.c002910.20131227.bed2-us.warts.gz
1388193973	list-7.allpref24/team-2/daily/2013/cycle-20131226/daily.l7.t2.c002910.20131227.iad-us.warts.gz
1388193998	list-7.allpref24/team-2/daily/2013/cycle-20131226/daily.l7.t2.c002910.20131227.pek-cn.warts.gz
1388194075	list-7.allpref24/team-2/daily/2013/cycle-20131226/daily.l7.t2.c002910.20131227.vie-at.warts.gz
1388194101	list-7.allpref24/team-2/daily/2013/cycle-20131226/daily.l7.t2.c002910.20131227.cph-dk.warts.gz
1388194226	list-7.allpref24/team-2/daily/2013/cycle-20131226/daily.l7.t2.c002910.20131227.yow-ca.warts.gz
1388194407	list-7.allpref24/team-2/daily/2013/cycle-20131226/daily.l7.t2.c002910.20131227.bud2-hu.warts.gz
1388217796	list-7.allpref24/team-2/daily/2013/cycle-20131226/daily.l7.t2.c002910.20131228.arn-se.warts.gz
1388217895	list-7.allpref24/team-2/daily/2013/cycle-20131226/daily.l7.t2.c002910.20131228.per-au.warts.gz
1388217938	list-7.allpref24/team-2/daily/2013/cycle-20131226/daily.l7.t2.c002910.20131228.cph-dk.warts.gz
1388217948	list-7.allpref24/team-2/daily/2013/cycle-20131226/daily.l7.t2.c002910.20131228.ams-nl.warts.gz
1388217984	list-7.allpref24/team-2/daily/2013/cycle-20131226/daily.l7.t2.c002910.20131228.yow-ca.warts.gz
1388217996	list-7.allpref24/team-2/daily/2013/cycle-20131226/daily.l7.t2.c002910.20131228.tpe-tw.warts.gz
1388218007	list-7.allpref24/team-2/daily/2013/cycle-20131226/daily.l7.t2.c002910.20131228.pek-cn.warts.gz
1388218019	list-7.allpref24/team-2/daily/2013/cycle-20131226/daily.l7.t2.c002910.20131228.bud2-hu.warts.gz
1388218028	list-7.allpref24/team-2/daily/2013/cycle-20131226/daily.l7.t2.c002910.20131228.sjc2-us.warts.gz
1388218046	list-7.allpref24/team-2/daily/2013/cycle-20131226/daily.l7.t2.c002910.20131228.bed2-us.warts.gz
1388218140	list-7.allpref24/team-2/daily/2013/cycle-20131226/daily.l7.t2.c002910.20131228.rno-us.warts.gz
1388218154	list-7.allpref24/team-2/daily/2013/cycle-20131226/daily.l7.t2.c002910.20131228.san3-us.warts.gz
1388218168	list-7.allpref24/team-2/daily/2013/cycle-20131226/daily.l7.t2.c002910.20131228.cmn-ma.warts.gz
1388218185	list-7.allpref24/team-2/daily/2013/cycle-20131226/daily.l7.t2.c002910.20131228.cgk-id.warts.gz
1388221371	list-7.allpref24/team-2/daily/2013/cycle-20131226/daily.l7.t2.c002910.20131228.bwi-us.warts.gz
1388221523	list-7.allpref24/team-2/daily/2013/cycle-20131226/daily.l7.t2.c002910.20131228.iad-us.warts.gz
1388221539	list-7.allpref24/team-2/daily/2013/cycle-20131226/daily.l7.t2.c002910.20131228.fnl-us.warts.gz
1388221598	list-7.allpref24/team-2/daily/2013/cycle-20131226/daily.l7.t2.c002910.20131228.hnl-us.warts.gz
1388221627	list-7.allpref24/team-2/daily/2013/cycle-20131226/daily.l7.t2.c002910.20131228.vie-at.warts.gz
1388221753	list-7.allpref24/team-2/daily/2013/cycle-20131226/daily.l7.t2.c002910.20131228.cdg-fr.warts.gz
1388221762	list-7.allpref24/team-2/daily/2013/cycle-20131226/daily.l7.t2.c002910.20131228.ktm-np.warts.gz
1388221788	list-7.allpref24/team-2/daily/2013/cycle-20131226/daily.l7.t2.c002910.20131228.zrh-ch.warts.gz
1388221854	list-7.allpref24/team-2/daily/2013/cycle-20131226/daily.l7.t2.c002910.20131228.lex-us.warts.gz
1388221878	list-7.allpref24/team-2/daily/2013/cycle-20131226/daily.l7.t2.c002910.20131228.lax-us.warts.gz
1388221930	list-7.allpref24/team-2/daily/2013/cycle-20131226/daily.l7.t2.c002910.20131228.snn-ie.warts.gz
1388221952	list-7.allpref24/team-2/daily/2013/cycle-20131226/daily.l7.t2.c002910.20131228.cbg-uk.warts.gz
1388279042	list-7.allpref24/team-2/daily/2013/cycle-20131228/daily.l7.t2.c002913.20131228.pek-cn.warts.gz
1388279060	list-7.allpref24/team-2/daily/2013/cycle-20131228/daily.l7.t2.c002913.20131228.cmn-ma.warts.gz
1388279132	list-7.allpref24/team-2/daily/2013/cycle-20131228/daily.l7.t2.c002913.20131228.ktm-np.warts.gz
1388279148	list-7.allpref24/team-2/daily/2013/cycle-20131228/daily.l7.t2.c002913.20131228.tpe-tw.warts.gz
1388279202	list-7.allpref24/team-2/daily/2013/cycle-20131228/daily.l7.t2.c002913.20131228.fnl-us.warts.gz
1388279234	list-7.allpref24/team-2/daily/2013/cycle-20131228/daily.l7.t2.c002913.20131228.sjc2-us.warts.gz
1388279252	list-7.allpref24/team-2/daily/2013/cycle-20131228/daily.l7.t2.c002913.20131228.bud2-hu.warts.gz
1388279328	list-7.allpref24/team-2/daily/2013/cycle-20131228/daily.l7.t2.c002913.20131228.vie-at.warts.gz
1388279461	list-7.allpref24/team-2/daily/2013/cycle-20131228/daily.l7.t2.c002913.20131228.per-au.warts.gz
1388279475	list-7.allpref24/team-2/daily/2013/cycle-20131228/daily.l7.t2.c002913.20131228.bed2-us.warts.gz
1388279489	list-7.allpref24/team-2/daily/2013/cycle-20131228/daily.l7.t2.c002913.20131228.lex-us.warts.gz
1388279522	list-7.allpref24/team-2/daily/2013/cycle-20131228/daily.l7.t2.c002913.20131228.hnl-us.warts.gz
1388279539	list-7.allpref24/team-2/daily/2013/cycle-20131228/daily.l7.t2.c002913.20131228.cph-dk.warts.gz
1388279577	list-7.allpref24/team-2/daily/2013/cycle-20131228/daily.l7.t2.c002913.20131228.zrh-ch.warts.gz
1388279634	list-7.allpref24/team-2/daily/2013/cycle-20131228/daily.l7.t2.c002913.20131228.lax-us.warts.gz
1388279706	list-7.allpref24/team-2/daily/2013/cycle-20131228/daily.l7.t2.c002913.20131228.bwi-us.warts.gz
1388279758	list-7.allpref24/team-2/daily/2013/cycle-20131228/daily.l7.t2.c002913.20131228.arn-se.warts.gz
1388279813	list-7.allpref24/team-2/daily/2013/cycle-20131228/daily.l7.t2.c002913.20131228.rno-us.warts.gz
1388279830	list-7.allpref24/team-2/daily/2013/cycle-20131228/daily.l7.t2.c002913.20131228.cgk-id.warts.gz
1388279863	list-7.allpref24/team-2/daily/2013/cycle-20131228/daily.l7.t2.c002913.20131228.snn-ie.warts.gz
1388279935	list-7.allpref24/team-2/daily/2013/cycle-20131228/daily.l7.t2.c002913.20131228.yow-ca.warts.gz
1388279952	list-7.allpref24/team-2/daily/2013/cycle-20131228/daily.l7.t2.c002913.20131228.san3-us.warts.gz
1388279967	list-7.allpref24/team-2/daily/2013/cycle-20131228/daily.l7.t2.c002913.20131228.iad-us.warts.gz
1388280045	list-7.allpref24/team-2/daily/2013/cycle-20131228/daily.l7.t2.c002913.20131228.ams-nl.warts.gz
1388280140	list-7.allpref24/team-2/daily/2013/cycle-20131228/daily.l7.t2.c002913.20131228.cbg-uk.warts.gz
1388280156	list-7.allpref24/team-2/daily/2013/cycle-20131228/daily.l7.t2.c002913.20131228.cdg-fr.warts.gz
1388350957	list-7.allpref24/team-2/daily/2013/cycle-20131228/daily.l7.t2.c002913.20131229.san3-us.warts.gz
1388351006	list-7.allpref24/team-2/daily/2013/cycle-20131228/daily.l7.t2.c002913.20131229.cph-dk.warts.gz
1388351043	list-7.allpref24/team-2/daily/2013/cycle-20131228/daily.l7.t2.c002913.20131229.tpe-tw.warts.gz
1388351065	list-7.allpref24/team-2/daily/2013/cycle-20131228/daily.l7.t2.c002913.20131229.bud2-hu.warts.gz
1388351087	list-7.allpref24/team-2/daily/2013/cycle-20131228/daily.l7.t2.c002913.20131229.rno-us.warts.gz
1388351109	list-7.allpref24/team-2/daily/2013/cycle-20131228/daily.l7.t2.c002913.20131229.cgk-id.warts.gz
1388351127	list-7.allpref24/team-2/daily/2013/cycle-20131228/daily.l7.t2.c002913.20131229.iad-us.warts.gz
1388351148	list-7.allpref24/team-2/daily/2013/cycle-20131228/daily.l7.t2.c002913.20131229.cbg-uk.warts.gz
1388351169	list-7.allpref24/team-2/daily/2013/cycle-20131228/daily.l7.t2.c002913.20131229.bwi-us.warts.gz
1388351188	list-7.allpref24/team-2/daily/2013/cycle-20131228/daily.l7.t2.c002913.20131229.ams-nl.warts.gz
1388351208	list-7.allpref24/team-2/daily/2013/cycle-20131228/daily.l7.t2.c002913.20131229.arn-se.warts.gz
1388351226	list-7.allpref24/team-2/daily/2013/cycle-20131228/daily.l7.t2.c002913.20131229.bed2-us.warts.gz
1388351246	list-7.allpref24/team-2/daily/2013/cycle-20131228/daily.l7.t2.c002913.20131229.vie-at.warts.gz
1388351271	list-7.allpref24/team-2/daily/2013/cycle-20131228/daily.l7.t2.c002913.20131229.cmn-ma.warts.gz
1388351290	list-7.allpref24/team-2/daily/2013/cycle-20131228/daily.l7.t2.c002913.20131229.ktm-np.warts.gz
1388351308	list-7.allpref24/team-2/daily/2013/cycle-20131228/daily.l7.t2.c002913.20131229.lex-us.warts.gz
1388351328	list-7.allpref24/team-2/daily/2013/cycle-20131228/daily.l7.t2.c002913.20131229.fnl-us.warts.gz
1388351350	list-7.allpref24/team-2/daily/2013/cycle-20131228/daily.l7.t2.c002913.20131229.pek-cn.warts.gz
1388351372	list-7.allpref24/team-2/daily/2013/cycle-20131228/daily.l7.t2.c002913.20131229.zrh-ch.warts.gz
1388351394	list-7.allpref24/team-2/daily/2013/cycle-20131228/daily.l7.t2.c002913.20131229.per-au.warts.gz
1388351416	list-7.allpref24/team-2/daily/2013/cycle-20131228/daily.l7.t2.c002913.20131229.yow-ca.warts.gz
1388351438	list-7.allpref24/team-2/daily/2013/cycle-20131228/daily.l7.t2.c002913.20131229.cdg-fr.warts.gz
1388351459	list-7.allpref24/team-2/daily/2013/cycle-20131228/daily.l7.t2.c002913.20131229.hnl-us.warts.gz
1388351476	list-7.allpref24/team-2/daily/2013/cycle-20131228/daily.l7.t2.c002913.20131229.snn-ie.warts.gz
1388351500	list-7.allpref24/team-2/daily/2013/cycle-20131228/daily.l7.t2.c002913.20131229.sjc2-us.warts.gz
1388351524	list-7.allpref24/team-2/daily/2013/cycle-20131228/daily.l7.t2.c002913.20131229.lax-us.warts.gz
1388365355	list-7.allpref24/team-2/daily/2013/cycle-20131229/daily.l7.t2.c002915.20131229.san3-us.warts.gz
1388365382	list-7.allpref24/team-2/daily/2013/cycle-20131229/daily.l7.t2.c002915.20131229.sjc2-us.warts.gz
1388365391	list-7.allpref24/team-2/daily/2013/cycle-20131229/daily.l7.t2.c002915.20131229.iad-us.warts.gz
1388365481	list-7.allpref24/team-2/daily/2013/cycle-20131229/daily.l7.t2.c002915.20131229.cph-dk.warts.gz
1388365486	list-7.allpref24/team-2/daily/2013/cycle-20131229/daily.l7.t2.c002915.20131229.tpe-tw.warts.gz
1388365492	list-7.allpref24/team-2/daily/2013/cycle-20131229/daily.l7.t2.c002915.20131229.bed2-us.warts.gz
1388365510	list-7.allpref24/team-2/daily/2013/cycle-20131229/daily.l7.t2.c002915.20131229.zrh-ch.warts.gz
1388365524	list-7.allpref24/team-2/daily/2013/cycle-20131229/daily.l7.t2.c002915.20131229.pek-cn.warts.gz
1388365543	list-7.allpref24/team-2/daily/2013/cycle-20131229/daily.l7.t2.c002915.20131229.hnl-us.warts.gz
1388365547	list-7.allpref24/team-2/daily/2013/cycle-20131229/daily.l7.t2.c002915.20131229.cmn-ma.warts.gz
1388365554	list-7.allpref24/team-2/daily/2013/cycle-20131229/daily.l7.t2.c002915.20131229.rno-us.warts.gz
1388365567	list-7.allpref24/team-2/daily/2013/cycle-20131229/daily.l7.t2.c002915.20131229.lax-us.warts.gz
1388365571	list-7.allpref24/team-2/daily/2013/cycle-20131229/daily.l7.t2.c002915.20131229.per-au.warts.gz
1388365575	list-7.allpref24/team-2/daily/2013/cycle-20131229/daily.l7.t2.c002915.20131229.fnl-us.warts.gz
1388365588	list-7.allpref24/team-2/daily/2013/cycle-20131229/daily.l7.t2.c002915.20131229.bud2-hu.warts.gz
1388365622	list-7.allpref24/team-2/daily/2013/cycle-20131229/daily.l7.t2.c002915.20131229.arn-se.warts.gz
1388365659	list-7.allpref24/team-2/daily/2013/cycle-20131229/daily.l7.t2.c002915.20131229.bwi-us.warts.gz
1388365694	list-7.allpref24/team-2/daily/2013/cycle-20131229/daily.l7.t2.c002915.20131229.cdg-fr.warts.gz
1388365721	list-7.allpref24/team-2/daily/2013/cycle-20131229/daily.l7.t2.c002915.20131229.ktm-np.warts.gz
1388365732	list-7.allpref24/team-2/daily/2013/cycle-20131229/daily.l7.t2.c002915.20131229.cgk-id.warts.gz
1388365747	list-7.allpref24/team-2/daily/2013/cycle-20131229/daily.l7.t2.c002915.20131229.cbg-uk.warts.gz
1388365751	list-7.allpref24/team-2/daily/2013/cycle-20131229/daily.l7.t2.c002915.20131229.lex-us.warts.gz
1388365769	list-7.allpref24/team-2/daily/2013/cycle-20131229/daily.l7.t2.c002915.20131229.snn-ie.warts.gz
1388365801	list-7.allpref24/team-2/daily/2013/cycle-20131229/daily.l7.t2.c002915.20131229.vie-at.warts.gz
1388365840	list-7.allpref24/team-2/daily/2013/cycle-20131229/daily.l7.t2.c002915.20131229.ams-nl.warts.gz
1388365847	list-7.allpref24/team-2/daily/2013/cycle-20131229/daily.l7.t2.c002915.20131229.yow-ca.warts.gz
1388451782	list-7.allpref24/team-2/daily/2013/cycle-20131229/daily.l7.t2.c002915.20131230.zrh-ch.warts.gz
1388451837	list-7.allpref24/team-2/daily/2013/cycle-20131229/daily.l7.t2.c002915.20131230.bud2-hu.warts.gz
1388451947	list-7.allpref24/team-2/daily/2013/cycle-20131229/daily.l7.t2.c002915.20131230.fnl-us.warts.gz
1388451973	list-7.allpref24/team-2/daily/2013/cycle-20131229/daily.l7.t2.c002915.20131230.cdg-fr.warts.gz
1388452098	list-7.allpref24/team-2/daily/2013/cycle-20131229/daily.l7.t2.c002915.20131230.bwi-us.warts.gz
1388452168	list-7.allpref24/team-2/daily/2013/cycle-20131229/daily.l7.t2.c002915.20131230.ams-nl.warts.gz
1388452316	list-7.allpref24/team-2/daily/2013/cycle-20131229/daily.l7.t2.c002915.20131230.pek-cn.warts.gz
1388452343	list-7.allpref24/team-2/daily/2013/cycle-20131229/daily.l7.t2.c002915.20131230.tpe-tw.warts.gz
1388452369	list-7.allpref24/team-2/daily/2013/cycle-20131229/daily.l7.t2.c002915.20131230.cph-dk.warts.gz
1388452422	list-7.allpref24/team-2/daily/2013/cycle-20131229/daily.l7.t2.c002915.20131230.cmn-ma.warts.gz
1388452445	list-7.allpref24/team-2/daily/2013/cycle-20131229/daily.l7.t2.c002915.20131230.arn-se.warts.gz
1388452474	list-7.allpref24/team-2/daily/2013/cycle-20131229/daily.l7.t2.c002915.20131230.rno-us.warts.gz
1388452496	list-7.allpref24/team-2/daily/2013/cycle-20131229/daily.l7.t2.c002915.20131230.bed2-us.warts.gz
1388452575	list-7.allpref24/team-2/daily/2013/cycle-20131229/daily.l7.t2.c002915.20131230.hnl-us.warts.gz
1388452599	list-7.allpref24/team-2/daily/2013/cycle-20131229/daily.l7.t2.c002915.20131230.vie-at.warts.gz
1388452625	list-7.allpref24/team-2/daily/2013/cycle-20131229/daily.l7.t2.c002915.20131230.cbg-uk.warts.gz
1388452674	list-7.allpref24/team-2/daily/2013/cycle-20131229/daily.l7.t2.c002915.20131230.ktm-np.warts.gz
1388452801	list-7.allpref24/team-2/daily/2013/cycle-20131229/daily.l7.t2.c002915.20131230.yow-ca.warts.gz
1388452850	list-7.allpref24/team-2/daily/2013/cycle-20131229/daily.l7.t2.c002915.20131230.san3-us.warts.gz
1388452930	list-7.allpref24/team-2/daily/2013/cycle-20131229/daily.l7.t2.c002915.20131230.lax-us.warts.gz
1388452977	list-7.allpref24/team-2/daily/2013/cycle-20131229/daily.l7.t2.c002915.20131230.iad-us.warts.gz
1388453055	list-7.allpref24/team-2/daily/2013/cycle-20131229/daily.l7.t2.c002915.20131230.cgk-id.warts.gz
1388453132	list-7.allpref24/team-2/daily/2013/cycle-20131229/daily.l7.t2.c002915.20131230.sjc2-us.warts.gz
1388453365	list-7.allpref24/team-2/daily/2013/cycle-20131229/daily.l7.t2.c002915.20131230.snn-ie.warts.gz
1388453471	list-7.allpref24/team-2/daily/2013/cycle-20131229/daily.l7.t2.c002915.20131230.per-au.warts.gz
1388453524	list-7.allpref24/team-2/daily/2013/cycle-20131229/daily.l7.t2.c002915.20131230.lex-us.warts.gz
1388480563	list-7.allpref24/team-2/daily/2013/cycle-20131229/daily.l7.t2.c002915.20131231.rno-us.warts.gz
1388480574	list-7.allpref24/team-2/daily/2013/cycle-20131229/daily.l7.t2.c002915.20131231.ams-nl.warts.gz
1388480589	list-7.allpref24/team-2/daily/2013/cycle-20131229/daily.l7.t2.c002915.20131231.cgk-id.warts.gz
1388480653	list-7.allpref24/team-2/daily/2013/cycle-20131229/daily.l7.t2.c002915.20131231.vie-at.warts.gz
1388480702	list-7.allpref24/team-2/daily/2013/cycle-20131229/daily.l7.t2.c002915.20131231.pek-cn.warts.gz
1388480712	list-7.allpref24/team-2/daily/2013/cycle-20131229/daily.l7.t2.c002915.20131231.hnl-us.warts.gz
1388480724	list-7.allpref24/team-2/daily/2013/cycle-20131229/daily.l7.t2.c002915.20131231.cph-dk.warts.gz
1388480756	list-7.allpref24/team-2/daily/2013/cycle-20131229/daily.l7.t2.c002915.20131231.cdg-fr.warts.gz
1388480766	list-7.allpref24/team-2/daily/2013/cycle-20131229/daily.l7.t2.c002915.20131231.yow-ca.warts.gz
1388480792	list-7.allpref24/team-2/daily/2013/cycle-20131229/daily.l7.t2.c002915.20131231.iad-us.warts.gz
1388480801	list-7.allpref24/team-2/daily/2013/cycle-20131229/daily.l7.t2.c002915.20131231.lax-us.warts.gz
1388480810	list-7.allpref24/team-2/daily/2013/cycle-20131229/daily.l7.t2.c002915.20131231.bwi-us.warts.gz
1388480867	list-7.allpref24/team-2/daily/2013/cycle-20131229/daily.l7.t2.c002915.20131231.sjc2-us.warts.gz
1388480901	list-7.allpref24/team-2/daily/2013/cycle-20131229/daily.l7.t2.c002915.20131231.cmn-ma.warts.gz
1388480945	list-7.allpref24/team-2/daily/2013/cycle-20131229/daily.l7.t2.c002915.20131231.fnl-us.warts.gz
1388480953	list-7.allpref24/team-2/daily/2013/cycle-20131229/daily.l7.t2.c002915.20131231.arn-se.warts.gz
1388480962	list-7.allpref24/team-2/daily/2013/cycle-20131229/daily.l7.t2.c002915.20131231.per-au.warts.gz
1388480972	list-7.allpref24/team-2/daily/2013/cycle-20131229/daily.l7.t2.c002915.20131231.tpe-tw.warts.gz
1388480982	list-7.allpref24/team-2/daily/2013/cycle-20131229/daily.l7.t2.c002915.20131231.ktm-np.warts.gz
1388480998	list-7.allpref24/team-2/daily/2013/cycle-20131229/daily.l7.t2.c002915.20131231.san3-us.warts.gz
1388481046	list-7.allpref24/team-2/daily/2013/cycle-20131229/daily.l7.t2.c002915.20131231.zrh-ch.warts.gz
1388481063	list-7.allpref24/team-2/daily/2013/cycle-20131229/daily.l7.t2.c002915.20131231.bud2-hu.warts.gz
1388481087	list-7.allpref24/team-2/daily/2013/cycle-20131229/daily.l7.t2.c002915.20131231.cbg-uk.warts.gz
1388481095	list-7.allpref24/team-2/daily/2013/cycle-20131229/daily.l7.t2.c002915.20131231.bed2-us.warts.gz
1388481103	list-7.allpref24/team-2/daily/2013/cycle-20131229/daily.l7.t2.c002915.20131231.snn-ie.warts.gz
1388481185	list-7.allpref24/team-2/daily/2013/cycle-20131229/daily.l7.t2.c002915.20131231.lex-us.warts.gz
1388538168	list-7.allpref24/team-2/daily/2013/cycle-20131231/daily.l7.t2.c002917.20131231.sjc2-us.warts.gz
1388538186	list-7.allpref24/team-2/daily/2013/cycle-20131231/daily.l7.t2.c002917.20131231.pek-cn.warts.gz
1388538231	list-7.allpref24/team-2/daily/2013/cycle-20131231/daily.l7.t2.c002917.20131231.per-au.warts.gz
1388538249	list-7.allpref24/team-2/daily/2013/cycle-20131231/daily.l7.t2.c002917.20131231.cph-dk.warts.gz
1388538267	list-7.allpref24/team-2/daily/2013/cycle-20131231/daily.l7.t2.c002917.20131231.hnl-us.warts.gz
1388538315	list-7.allpref24/team-2/daily/2013/cycle-20131231/daily.l7.t2.c002917.20131231.bed2-us.warts.gz
1388538333	list-7.allpref24/team-2/daily/2013/cycle-20131231/daily.l7.t2.c002917.20131231.san3-us.warts.gz
1388538380	list-7.allpref24/team-2/daily/2013/cycle-20131231/daily.l7.t2.c002917.20131231.iad-us.warts.gz
1388538495	list-7.allpref24/team-2/daily/2013/cycle-20131231/daily.l7.t2.c002917.20131231.cdg-fr.warts.gz
1388538515	list-7.allpref24/team-2/daily/2013/cycle-20131231/daily.l7.t2.c002917.20131231.yow-ca.warts.gz
1388538540	list-7.allpref24/team-2/daily/2013/cycle-20131231/daily.l7.t2.c002917.20131231.vie-at.warts.gz
1388538563	list-7.allpref24/team-2/daily/2013/cycle-20131231/daily.l7.t2.c002917.20131231.rno-us.warts.gz
1388538688	list-7.allpref24/team-2/daily/2013/cycle-20131231/daily.l7.t2.c002917.20131231.tpe-tw.warts.gz
1388538710	list-7.allpref24/team-2/daily/2013/cycle-20131231/daily.l7.t2.c002917.20131231.zrh-ch.warts.gz
1388538728	list-7.allpref24/team-2/daily/2013/cycle-20131231/daily.l7.t2.c002917.20131231.ktm-np.warts.gz
1388538747	list-7.allpref24/team-2/daily/2013/cycle-20131231/daily.l7.t2.c002917.20131231.cmn-ma.warts.gz
1388538764	list-7.allpref24/team-2/daily/2013/cycle-20131231/daily.l7.t2.c002917.20131231.ams-nl.warts.gz
1388538852	list-7.allpref24/team-2/daily/2013/cycle-20131231/daily.l7.t2.c002917.20131231.lax-us.warts.gz
1388538870	list-7.allpref24/team-2/daily/2013/cycle-20131231/daily.l7.t2.c002917.20131231.bwi-us.warts.gz
1388538887	list-7.allpref24/team-2/daily/2013/cycle-20131231/daily.l7.t2.c002917.20131231.arn-se.warts.gz
1388538974	list-7.allpref24/team-2/daily/2013/cycle-20131231/daily.l7.t2.c002917.20131231.fnl-us.warts.gz
1388539010	list-7.allpref24/team-2/daily/2013/cycle-20131231/daily.l7.t2.c002917.20131231.cbg-uk.warts.gz
1388539074	list-7.allpref24/team-2/daily/2013/cycle-20131231/daily.l7.t2.c002917.20131231.cgk-id.warts.gz
1388539125	list-7.allpref24/team-2/daily/2013/cycle-20131231/daily.l7.t2.c002917.20131231.snn-ie.warts.gz
1388539142	list-7.allpref24/team-2/daily/2013/cycle-20131231/daily.l7.t2.c002917.20131231.lex-us.warts.gz
1388539163	list-7.allpref24/team-2/daily/2013/cycle-20131231/daily.l7.t2.c002917.20131231.bud2-hu.warts.gz
