# Format: 1
# Fields: timestamp daily_path
# Generated: 2013-12-31 17:19:45 -0800
# --------------------------------------------------------------------------
1387848002	list-7.allpref24/team-3/daily/2013/cycle-20131222/daily.l7.t3.c002902.20131223.yyz-ca.warts.gz
1387908193	list-7.allpref24/team-3/daily/2013/cycle-20131222/daily.l7.t3.c002902.20131224.pna-es.warts.gz
1387908229	list-7.allpref24/team-3/daily/2013/cycle-20131222/daily.l7.t3.c002902.20131224.wbu-us.warts.gz
1387908251	list-7.allpref24/team-3/daily/2013/cycle-20131222/daily.l7.t3.c002902.20131224.yyz-ca.warts.gz
1387908267	list-7.allpref24/team-3/daily/2013/cycle-20131222/daily.l7.t3.c002902.20131224.bjl-gm.warts.gz
1387908285	list-7.allpref24/team-3/daily/2013/cycle-20131222/daily.l7.t3.c002902.20131224.zrh2-ch.warts.gz
1387908337	list-7.allpref24/team-3/daily/2013/cycle-20131222/daily.l7.t3.c002902.20131224.jfk-us.warts.gz
1387908354	list-7.allpref24/team-3/daily/2013/cycle-20131222/daily.l7.t3.c002902.20131224.eug-us.warts.gz
1387908370	list-7.allpref24/team-3/daily/2013/cycle-20131222/daily.l7.t3.c002902.20131224.ams2-nl.warts.gz
1387908396	list-7.allpref24/team-3/daily/2013/cycle-20131222/daily.l7.t3.c002902.20131224.bjc-us.warts.gz
1387908414	list-7.allpref24/team-3/daily/2013/cycle-20131222/daily.l7.t3.c002902.20131224.sao2-br.warts.gz
1387908434	list-7.allpref24/team-3/daily/2013/cycle-20131222/daily.l7.t3.c002902.20131224.mel-au.warts.gz
1387908450	list-7.allpref24/team-3/daily/2013/cycle-20131222/daily.l7.t3.c002902.20131224.ord-us.warts.gz
1387908483	list-7.allpref24/team-3/daily/2013/cycle-20131222/daily.l7.t3.c002902.20131224.she-cn.warts.gz
1387908589	list-7.allpref24/team-3/daily/2013/cycle-20131222/daily.l7.t3.c002902.20131224.stn-uk.warts.gz
1387908609	list-7.allpref24/team-3/daily/2013/cycle-20131222/daily.l7.t3.c002902.20131224.nap-it.warts.gz
1387908625	list-7.allpref24/team-3/daily/2013/cycle-20131222/daily.l7.t3.c002902.20131224.sql-us.warts.gz
1387908644	list-7.allpref24/team-3/daily/2013/cycle-20131222/daily.l7.t3.c002902.20131224.her-gr.warts.gz
1387908664	list-7.allpref24/team-3/daily/2013/cycle-20131222/daily.l7.t3.c002902.20131224.rek-is.warts.gz
1387908679	list-7.allpref24/team-3/daily/2013/cycle-20131222/daily.l7.t3.c002902.20131224.mty-mx.warts.gz
1387908692	list-7.allpref24/team-3/daily/2013/cycle-20131222/daily.l7.t3.c002902.20131224.san2-us.warts.gz
1387908708	list-7.allpref24/team-3/daily/2013/cycle-20131222/daily.l7.t3.c002902.20131224.dac-bd.warts.gz
1387908723	list-7.allpref24/team-3/daily/2013/cycle-20131222/daily.l7.t3.c002902.20131224.scl-cl.warts.gz
1387908785	list-7.allpref24/team-3/daily/2013/cycle-20131222/daily.l7.t3.c002902.20131224.bed3-us.warts.gz
1387933476	list-7.allpref24/team-3/daily/2013/cycle-20131224/daily.l7.t3.c002905.20131224.stn-uk.warts.gz
1387933574	list-7.allpref24/team-3/daily/2013/cycle-20131224/daily.l7.t3.c002905.20131224.eug-us.warts.gz
1387933723	list-7.allpref24/team-3/daily/2013/cycle-20131224/daily.l7.t3.c002905.20131224.scl-cl.warts.gz
1387933755	list-7.allpref24/team-3/daily/2013/cycle-20131224/daily.l7.t3.c002905.20131224.yyz-ca.warts.gz
1387933806	list-7.allpref24/team-3/daily/2013/cycle-20131224/daily.l7.t3.c002905.20131224.mel-au.warts.gz
1387933856	list-7.allpref24/team-3/daily/2013/cycle-20131224/daily.l7.t3.c002905.20131224.zrh2-ch.warts.gz
1387933862	list-7.allpref24/team-3/daily/2013/cycle-20131224/daily.l7.t3.c002905.20131224.ord-us.warts.gz
1387933916	list-7.allpref24/team-3/daily/2013/cycle-20131224/daily.l7.t3.c002905.20131224.she-cn.warts.gz
1387933947	list-7.allpref24/team-3/daily/2013/cycle-20131224/daily.l7.t3.c002905.20131224.bjc-us.warts.gz
1387934041	list-7.allpref24/team-3/daily/2013/cycle-20131224/daily.l7.t3.c002905.20131224.sql-us.warts.gz
1387934093	list-7.allpref24/team-3/daily/2013/cycle-20131224/daily.l7.t3.c002905.20131224.bjl-gm.warts.gz
1387934173	list-7.allpref24/team-3/daily/2013/cycle-20131224/daily.l7.t3.c002905.20131224.san2-us.warts.gz
1387934179	list-7.allpref24/team-3/daily/2013/cycle-20131224/daily.l7.t3.c002905.20131224.jfk-us.warts.gz
1387934208	list-7.allpref24/team-3/daily/2013/cycle-20131224/daily.l7.t3.c002905.20131224.mty-mx.warts.gz
1387934214	list-7.allpref24/team-3/daily/2013/cycle-20131224/daily.l7.t3.c002905.20131224.sao2-br.warts.gz
1387934319	list-7.allpref24/team-3/daily/2013/cycle-20131224/daily.l7.t3.c002905.20131224.ams2-nl.warts.gz
1387934350	list-7.allpref24/team-3/daily/2013/cycle-20131224/daily.l7.t3.c002905.20131224.bed3-us.warts.gz
1387934429	list-7.allpref24/team-3/daily/2013/cycle-20131224/daily.l7.t3.c002905.20131224.wbu-us.warts.gz
1387934503	list-7.allpref24/team-3/daily/2013/cycle-20131224/daily.l7.t3.c002905.20131224.rek-is.warts.gz
1387934511	list-7.allpref24/team-3/daily/2013/cycle-20131224/daily.l7.t3.c002905.20131224.her-gr.warts.gz
1387934541	list-7.allpref24/team-3/daily/2013/cycle-20131224/daily.l7.t3.c002905.20131224.dac-bd.warts.gz
1387934547	list-7.allpref24/team-3/daily/2013/cycle-20131224/daily.l7.t3.c002905.20131224.pna-es.warts.gz
1387934601	list-7.allpref24/team-3/daily/2013/cycle-20131224/daily.l7.t3.c002905.20131224.nap-it.warts.gz
1388019813	list-7.allpref24/team-3/daily/2013/cycle-20131224/daily.l7.t3.c002905.20131225.jfk-us.warts.gz
1388019839	list-7.allpref24/team-3/daily/2013/cycle-20131224/daily.l7.t3.c002905.20131225.her-gr.warts.gz
1388019863	list-7.allpref24/team-3/daily/2013/cycle-20131224/daily.l7.t3.c002905.20131225.sql-us.warts.gz
1388019967	list-7.allpref24/team-3/daily/2013/cycle-20131224/daily.l7.t3.c002905.20131225.ord-us.warts.gz
1388020017	list-7.allpref24/team-3/daily/2013/cycle-20131224/daily.l7.t3.c002905.20131225.mel-au.warts.gz
1388020090	list-7.allpref24/team-3/daily/2013/cycle-20131224/daily.l7.t3.c002905.20131225.bed3-us.warts.gz
1388020127	list-7.allpref24/team-3/daily/2013/cycle-20131224/daily.l7.t3.c002905.20131225.sao2-br.warts.gz
1388020146	list-7.allpref24/team-3/daily/2013/cycle-20131224/daily.l7.t3.c002905.20131225.san2-us.warts.gz
1388020279	list-7.allpref24/team-3/daily/2013/cycle-20131224/daily.l7.t3.c002905.20131225.yyz-ca.warts.gz
1388020301	list-7.allpref24/team-3/daily/2013/cycle-20131224/daily.l7.t3.c002905.20131225.bjl-gm.warts.gz
1388020347	list-7.allpref24/team-3/daily/2013/cycle-20131224/daily.l7.t3.c002905.20131225.ams2-nl.warts.gz
1388020418	list-7.allpref24/team-3/daily/2013/cycle-20131224/daily.l7.t3.c002905.20131225.bjc-us.warts.gz
1388020463	list-7.allpref24/team-3/daily/2013/cycle-20131224/daily.l7.t3.c002905.20131225.mty-mx.warts.gz
1388020484	list-7.allpref24/team-3/daily/2013/cycle-20131224/daily.l7.t3.c002905.20131225.scl-cl.warts.gz
1388020539	list-7.allpref24/team-3/daily/2013/cycle-20131224/daily.l7.t3.c002905.20131225.wbu-us.warts.gz
1388020597	list-7.allpref24/team-3/daily/2013/cycle-20131224/daily.l7.t3.c002905.20131225.nap-it.warts.gz
1388020746	list-7.allpref24/team-3/daily/2013/cycle-20131224/daily.l7.t3.c002905.20131225.she-cn.warts.gz
1388020948	list-7.allpref24/team-3/daily/2013/cycle-20131224/daily.l7.t3.c002905.20131225.stn-uk.warts.gz
1388020972	list-7.allpref24/team-3/daily/2013/cycle-20131224/daily.l7.t3.c002905.20131225.zrh2-ch.warts.gz
1388020996	list-7.allpref24/team-3/daily/2013/cycle-20131224/daily.l7.t3.c002905.20131225.eug-us.warts.gz
1388021143	list-7.allpref24/team-3/daily/2013/cycle-20131224/daily.l7.t3.c002905.20131225.rek-is.warts.gz
1388021232	list-7.allpref24/team-3/daily/2013/cycle-20131224/daily.l7.t3.c002905.20131225.dac-bd.warts.gz
1388021255	list-7.allpref24/team-3/daily/2013/cycle-20131224/daily.l7.t3.c002905.20131225.pna-es.warts.gz
1388059344	list-7.allpref24/team-3/daily/2013/cycle-20131224/daily.l7.t3.c002905.20131226.sao2-br.warts.gz
1388059411	list-7.allpref24/team-3/daily/2013/cycle-20131224/daily.l7.t3.c002905.20131226.mty-mx.warts.gz
1388059424	list-7.allpref24/team-3/daily/2013/cycle-20131224/daily.l7.t3.c002905.20131226.ord-us.warts.gz
1388059441	list-7.allpref24/team-3/daily/2013/cycle-20131224/daily.l7.t3.c002905.20131226.nap-it.warts.gz
1388059468	list-7.allpref24/team-3/daily/2013/cycle-20131224/daily.l7.t3.c002905.20131226.bed3-us.warts.gz
1388059521	list-7.allpref24/team-3/daily/2013/cycle-20131224/daily.l7.t3.c002905.20131226.yyz-ca.warts.gz
1388059541	list-7.allpref24/team-3/daily/2013/cycle-20131224/daily.l7.t3.c002905.20131226.zrh2-ch.warts.gz
1388059563	list-7.allpref24/team-3/daily/2013/cycle-20131224/daily.l7.t3.c002905.20131226.pna-es.warts.gz
1388059662	list-7.allpref24/team-3/daily/2013/cycle-20131224/daily.l7.t3.c002905.20131226.bjl-gm.warts.gz
1388059721	list-7.allpref24/team-3/daily/2013/cycle-20131224/daily.l7.t3.c002905.20131226.ams2-nl.warts.gz
1388059733	list-7.allpref24/team-3/daily/2013/cycle-20131224/daily.l7.t3.c002905.20131226.jfk-us.warts.gz
1388059745	list-7.allpref24/team-3/daily/2013/cycle-20131224/daily.l7.t3.c002905.20131226.san2-us.warts.gz
1388059759	list-7.allpref24/team-3/daily/2013/cycle-20131224/daily.l7.t3.c002905.20131226.wbu-us.warts.gz
1388059772	list-7.allpref24/team-3/daily/2013/cycle-20131224/daily.l7.t3.c002905.20131226.dac-bd.warts.gz
1388059788	list-7.allpref24/team-3/daily/2013/cycle-20131224/daily.l7.t3.c002905.20131226.she-cn.warts.gz
1388059802	list-7.allpref24/team-3/daily/2013/cycle-20131224/daily.l7.t3.c002905.20131226.sql-us.warts.gz
1388059819	list-7.allpref24/team-3/daily/2013/cycle-20131224/daily.l7.t3.c002905.20131226.rek-is.warts.gz
1388059838	list-7.allpref24/team-3/daily/2013/cycle-20131224/daily.l7.t3.c002905.20131226.eug-us.warts.gz
1388059856	list-7.allpref24/team-3/daily/2013/cycle-20131224/daily.l7.t3.c002905.20131226.mel-au.warts.gz
1388059909	list-7.allpref24/team-3/daily/2013/cycle-20131224/daily.l7.t3.c002905.20131226.her-gr.warts.gz
1388059936	list-7.allpref24/team-3/daily/2013/cycle-20131224/daily.l7.t3.c002905.20131226.bjc-us.warts.gz
1388059950	list-7.allpref24/team-3/daily/2013/cycle-20131224/daily.l7.t3.c002905.20131226.scl-cl.warts.gz
1388060025	list-7.allpref24/team-3/daily/2013/cycle-20131224/daily.l7.t3.c002905.20131226.stn-uk.warts.gz
1388106208	list-7.allpref24/team-3/daily/2013/cycle-20131226/daily.l7.t3.c002908.20131226.ams2-nl.warts.gz
1388106222	list-7.allpref24/team-3/daily/2013/cycle-20131226/daily.l7.t3.c002908.20131226.jfk-us.warts.gz
1388106237	list-7.allpref24/team-3/daily/2013/cycle-20131226/daily.l7.t3.c002908.20131226.stn-uk.warts.gz
1388106255	list-7.allpref24/team-3/daily/2013/cycle-20131226/daily.l7.t3.c002908.20131226.bjc-us.warts.gz
1388106286	list-7.allpref24/team-3/daily/2013/cycle-20131226/daily.l7.t3.c002908.20131226.nap-it.warts.gz
1388106339	list-7.allpref24/team-3/daily/2013/cycle-20131226/daily.l7.t3.c002908.20131226.scl-cl.warts.gz
1388106417	list-7.allpref24/team-3/daily/2013/cycle-20131226/daily.l7.t3.c002908.20131226.mty-mx.warts.gz
1388106457	list-7.allpref24/team-3/daily/2013/cycle-20131226/daily.l7.t3.c002908.20131226.sql-us.warts.gz
1388106479	list-7.allpref24/team-3/daily/2013/cycle-20131226/daily.l7.t3.c002908.20131226.eug-us.warts.gz
1388106499	list-7.allpref24/team-3/daily/2013/cycle-20131226/daily.l7.t3.c002908.20131226.bed3-us.warts.gz
1388106524	list-7.allpref24/team-3/daily/2013/cycle-20131226/daily.l7.t3.c002908.20131226.bjl-gm.warts.gz
1388106553	list-7.allpref24/team-3/daily/2013/cycle-20131226/daily.l7.t3.c002908.20131226.wbu-us.warts.gz
1388106582	list-7.allpref24/team-3/daily/2013/cycle-20131226/daily.l7.t3.c002908.20131226.she-cn.warts.gz
1388106663	list-7.allpref24/team-3/daily/2013/cycle-20131226/daily.l7.t3.c002908.20131226.mel-au.warts.gz
1388106727	list-7.allpref24/team-3/daily/2013/cycle-20131226/daily.l7.t3.c002908.20131226.rek-is.warts.gz
1388106744	list-7.allpref24/team-3/daily/2013/cycle-20131226/daily.l7.t3.c002908.20131226.zrh2-ch.warts.gz
1388106768	list-7.allpref24/team-3/daily/2013/cycle-20131226/daily.l7.t3.c002908.20131226.ord-us.warts.gz
1388106797	list-7.allpref24/team-3/daily/2013/cycle-20131226/daily.l7.t3.c002908.20131226.sao2-br.warts.gz
1388106809	list-7.allpref24/team-3/daily/2013/cycle-20131226/daily.l7.t3.c002908.20131226.san2-us.warts.gz
1388106842	list-7.allpref24/team-3/daily/2013/cycle-20131226/daily.l7.t3.c002908.20131226.her-gr.warts.gz
1388106862	list-7.allpref24/team-3/daily/2013/cycle-20131226/daily.l7.t3.c002908.20131226.dac-bd.warts.gz
1388106878	list-7.allpref24/team-3/daily/2013/cycle-20131226/daily.l7.t3.c002908.20131226.pna-es.warts.gz
1388106904	list-7.allpref24/team-3/daily/2013/cycle-20131226/daily.l7.t3.c002908.20131226.yyz-ca.warts.gz
1388192583	list-7.allpref24/team-3/daily/2013/cycle-20131226/daily.l7.t3.c002908.20131227.mty-mx.warts.gz
1388192637	list-7.allpref24/team-3/daily/2013/cycle-20131226/daily.l7.t3.c002908.20131227.mel-au.warts.gz
1388192661	list-7.allpref24/team-3/daily/2013/cycle-20131226/daily.l7.t3.c002908.20131227.wbu-us.warts.gz
1388192690	list-7.allpref24/team-3/daily/2013/cycle-20131226/daily.l7.t3.c002908.20131227.nap-it.warts.gz
1388192877	list-7.allpref24/team-3/daily/2013/cycle-20131226/daily.l7.t3.c002908.20131227.she-cn.warts.gz
1388192980	list-7.allpref24/team-3/daily/2013/cycle-20131226/daily.l7.t3.c002908.20131227.bjl-gm.warts.gz
1388193030	list-7.allpref24/team-3/daily/2013/cycle-20131226/daily.l7.t3.c002908.20131227.sql-us.warts.gz
1388193101	list-7.allpref24/team-3/daily/2013/cycle-20131226/daily.l7.t3.c002908.20131227.stn-uk.warts.gz
1388193177	list-7.allpref24/team-3/daily/2013/cycle-20131226/daily.l7.t3.c002908.20131227.her-gr.warts.gz
1388193200	list-7.allpref24/team-3/daily/2013/cycle-20131226/daily.l7.t3.c002908.20131227.ams2-nl.warts.gz
1388193250	list-7.allpref24/team-3/daily/2013/cycle-20131226/daily.l7.t3.c002908.20131227.yyz-ca.warts.gz
1388193347	list-7.allpref24/team-3/daily/2013/cycle-20131226/daily.l7.t3.c002908.20131227.bjc-us.warts.gz
1388193576	list-7.allpref24/team-3/daily/2013/cycle-20131226/daily.l7.t3.c002908.20131227.eug-us.warts.gz
1388193628	list-7.allpref24/team-3/daily/2013/cycle-20131226/daily.l7.t3.c002908.20131227.rek-is.warts.gz
1388193651	list-7.allpref24/team-3/daily/2013/cycle-20131226/daily.l7.t3.c002908.20131227.scl-cl.warts.gz
1388193727	list-7.allpref24/team-3/daily/2013/cycle-20131226/daily.l7.t3.c002908.20131227.jfk-us.warts.gz
1388193847	list-7.allpref24/team-3/daily/2013/cycle-20131226/daily.l7.t3.c002908.20131227.sao2-br.warts.gz
1388194024	list-7.allpref24/team-3/daily/2013/cycle-20131226/daily.l7.t3.c002908.20131227.zrh2-ch.warts.gz
1388194126	list-7.allpref24/team-3/daily/2013/cycle-20131226/daily.l7.t3.c002908.20131227.ord-us.warts.gz
1388194170	list-7.allpref24/team-3/daily/2013/cycle-20131226/daily.l7.t3.c002908.20131227.san2-us.warts.gz
1388194303	list-7.allpref24/team-3/daily/2013/cycle-20131226/daily.l7.t3.c002908.20131227.bed3-us.warts.gz
1388194326	list-7.allpref24/team-3/daily/2013/cycle-20131226/daily.l7.t3.c002908.20131227.dac-bd.warts.gz
1388194378	list-7.allpref24/team-3/daily/2013/cycle-20131226/daily.l7.t3.c002908.20131227.pna-es.warts.gz
1388210528	list-7.allpref24/team-3/daily/2013/cycle-20131226/daily.l7.t3.c002908.20131228.ord-us.warts.gz
1388210586	list-7.allpref24/team-3/daily/2013/cycle-20131226/daily.l7.t3.c002908.20131228.sql-us.warts.gz
1388210669	list-7.allpref24/team-3/daily/2013/cycle-20131226/daily.l7.t3.c002908.20131228.her-gr.warts.gz
1388210695	list-7.allpref24/team-3/daily/2013/cycle-20131226/daily.l7.t3.c002908.20131228.rek-is.warts.gz
1388210701	list-7.allpref24/team-3/daily/2013/cycle-20131226/daily.l7.t3.c002908.20131228.jfk-us.warts.gz
1388210707	list-7.allpref24/team-3/daily/2013/cycle-20131226/daily.l7.t3.c002908.20131228.zrh2-ch.warts.gz
1388210724	list-7.allpref24/team-3/daily/2013/cycle-20131226/daily.l7.t3.c002908.20131228.ams2-nl.warts.gz
1388210757	list-7.allpref24/team-3/daily/2013/cycle-20131226/daily.l7.t3.c002908.20131228.nap-it.warts.gz
1388210783	list-7.allpref24/team-3/daily/2013/cycle-20131226/daily.l7.t3.c002908.20131228.she-cn.warts.gz
1388210835	list-7.allpref24/team-3/daily/2013/cycle-20131226/daily.l7.t3.c002908.20131228.stn-uk.warts.gz
1388210848	list-7.allpref24/team-3/daily/2013/cycle-20131226/daily.l7.t3.c002908.20131228.eug-us.warts.gz
1388210878	list-7.allpref24/team-3/daily/2013/cycle-20131226/daily.l7.t3.c002908.20131228.mty-mx.warts.gz
1388210905	list-7.allpref24/team-3/daily/2013/cycle-20131226/daily.l7.t3.c002908.20131228.sao2-br.warts.gz
1388210927	list-7.allpref24/team-3/daily/2013/cycle-20131226/daily.l7.t3.c002908.20131228.pna-es.warts.gz
1388210932	list-7.allpref24/team-3/daily/2013/cycle-20131226/daily.l7.t3.c002908.20131228.san2-us.warts.gz
1388210977	list-7.allpref24/team-3/daily/2013/cycle-20131226/daily.l7.t3.c002908.20131228.dac-bd.warts.gz
1388210994	list-7.allpref24/team-3/daily/2013/cycle-20131226/daily.l7.t3.c002908.20131228.wbu-us.warts.gz
1388211007	list-7.allpref24/team-3/daily/2013/cycle-20131226/daily.l7.t3.c002908.20131228.bed3-us.warts.gz
1388211013	list-7.allpref24/team-3/daily/2013/cycle-20131226/daily.l7.t3.c002908.20131228.yyz-ca.warts.gz
1388211070	list-7.allpref24/team-3/daily/2013/cycle-20131226/daily.l7.t3.c002908.20131228.bjc-us.warts.gz
1388211083	list-7.allpref24/team-3/daily/2013/cycle-20131226/daily.l7.t3.c002908.20131228.bjl-gm.warts.gz
1388211090	list-7.allpref24/team-3/daily/2013/cycle-20131226/daily.l7.t3.c002908.20131228.mel-au.warts.gz
1388211101	list-7.allpref24/team-3/daily/2013/cycle-20131226/daily.l7.t3.c002908.20131228.scl-cl.warts.gz
1388279007	list-7.allpref24/team-3/daily/2013/cycle-20131228/daily.l7.t3.c002911.20131228.san2-us.warts.gz
1388279079	list-7.allpref24/team-3/daily/2013/cycle-20131228/daily.l7.t3.c002911.20131228.sao2-br.warts.gz
1388279116	list-7.allpref24/team-3/daily/2013/cycle-20131228/daily.l7.t3.c002911.20131228.ord-us.warts.gz
1388279166	list-7.allpref24/team-3/daily/2013/cycle-20131228/daily.l7.t3.c002911.20131228.ams2-nl.warts.gz
1388279219	list-7.allpref24/team-3/daily/2013/cycle-20131228/daily.l7.t3.c002911.20131228.bjl-gm.warts.gz
1388279296	list-7.allpref24/team-3/daily/2013/cycle-20131228/daily.l7.t3.c002911.20131228.mel-au.warts.gz
1388279313	list-7.allpref24/team-3/daily/2013/cycle-20131228/daily.l7.t3.c002911.20131228.stn-uk.warts.gz
1388279347	list-7.allpref24/team-3/daily/2013/cycle-20131228/daily.l7.t3.c002911.20131228.dac-bd.warts.gz
1388279405	list-7.allpref24/team-3/daily/2013/cycle-20131228/daily.l7.t3.c002911.20131228.sql-us.warts.gz
1388279423	list-7.allpref24/team-3/daily/2013/cycle-20131228/daily.l7.t3.c002911.20131228.bjc-us.warts.gz
1388279505	list-7.allpref24/team-3/daily/2013/cycle-20131228/daily.l7.t3.c002911.20131228.jfk-us.warts.gz
1388279617	list-7.allpref24/team-3/daily/2013/cycle-20131228/daily.l7.t3.c002911.20131228.wbu-us.warts.gz
1388279653	list-7.allpref24/team-3/daily/2013/cycle-20131228/daily.l7.t3.c002911.20131228.pna-es.warts.gz
1388279691	list-7.allpref24/team-3/daily/2013/cycle-20131228/daily.l7.t3.c002911.20131228.zrh2-ch.warts.gz
1388279728	list-7.allpref24/team-3/daily/2013/cycle-20131228/daily.l7.t3.c002911.20131228.rek-is.warts.gz
1388279777	list-7.allpref24/team-3/daily/2013/cycle-20131228/daily.l7.t3.c002911.20131228.bed3-us.warts.gz
1388279849	list-7.allpref24/team-3/daily/2013/cycle-20131228/daily.l7.t3.c002911.20131228.eug-us.warts.gz
1388279901	list-7.allpref24/team-3/daily/2013/cycle-20131228/daily.l7.t3.c002911.20131228.yyz-ca.warts.gz
1388279918	list-7.allpref24/team-3/daily/2013/cycle-20131228/daily.l7.t3.c002911.20131228.mty-mx.warts.gz
1388280009	list-7.allpref24/team-3/daily/2013/cycle-20131228/daily.l7.t3.c002911.20131228.her-gr.warts.gz
1388280219	list-7.allpref24/team-3/daily/2013/cycle-20131228/daily.l7.t3.c002911.20131228.nap-it.warts.gz
1388280241	list-7.allpref24/team-3/daily/2013/cycle-20131228/daily.l7.t3.c002911.20131228.she-cn.warts.gz
1388280277	list-7.allpref24/team-3/daily/2013/cycle-20131228/daily.l7.t3.c002911.20131228.scl-cl.warts.gz
1388361789	list-7.allpref24/team-3/daily/2013/cycle-20131228/daily.l7.t3.c002911.20131229.rek-is.warts.gz
1388361815	list-7.allpref24/team-3/daily/2013/cycle-20131228/daily.l7.t3.c002911.20131229.she-cn.warts.gz
1388361839	list-7.allpref24/team-3/daily/2013/cycle-20131228/daily.l7.t3.c002911.20131229.zrh2-ch.warts.gz
1388361885	list-7.allpref24/team-3/daily/2013/cycle-20131228/daily.l7.t3.c002911.20131229.dac-bd.warts.gz
1388361909	list-7.allpref24/team-3/daily/2013/cycle-20131228/daily.l7.t3.c002911.20131229.ord-us.warts.gz
1388361935	list-7.allpref24/team-3/daily/2013/cycle-20131228/daily.l7.t3.c002911.20131229.yyz-ca.warts.gz
1388361959	list-7.allpref24/team-3/daily/2013/cycle-20131228/daily.l7.t3.c002911.20131229.sao2-br.warts.gz
1388362000	list-7.allpref24/team-3/daily/2013/cycle-20131228/daily.l7.t3.c002911.20131229.her-gr.warts.gz
1388362023	list-7.allpref24/team-3/daily/2013/cycle-20131228/daily.l7.t3.c002911.20131229.stn-uk.warts.gz
1388362102	list-7.allpref24/team-3/daily/2013/cycle-20131228/daily.l7.t3.c002911.20131229.bjc-us.warts.gz
1388362125	list-7.allpref24/team-3/daily/2013/cycle-20131228/daily.l7.t3.c002911.20131229.wbu-us.warts.gz
1388362151	list-7.allpref24/team-3/daily/2013/cycle-20131228/daily.l7.t3.c002911.20131229.sql-us.warts.gz
1388362175	list-7.allpref24/team-3/daily/2013/cycle-20131228/daily.l7.t3.c002911.20131229.eug-us.warts.gz
1388362195	list-7.allpref24/team-3/daily/2013/cycle-20131228/daily.l7.t3.c002911.20131229.jfk-us.warts.gz
1388362217	list-7.allpref24/team-3/daily/2013/cycle-20131228/daily.l7.t3.c002911.20131229.ams2-nl.warts.gz
1388362238	list-7.allpref24/team-3/daily/2013/cycle-20131228/daily.l7.t3.c002911.20131229.mty-mx.warts.gz
1388362263	list-7.allpref24/team-3/daily/2013/cycle-20131228/daily.l7.t3.c002911.20131229.bed3-us.warts.gz
1388362283	list-7.allpref24/team-3/daily/2013/cycle-20131228/daily.l7.t3.c002911.20131229.san2-us.warts.gz
1388362311	list-7.allpref24/team-3/daily/2013/cycle-20131228/daily.l7.t3.c002911.20131229.nap-it.warts.gz
1388362339	list-7.allpref24/team-3/daily/2013/cycle-20131228/daily.l7.t3.c002911.20131229.mel-au.warts.gz
1388362362	list-7.allpref24/team-3/daily/2013/cycle-20131228/daily.l7.t3.c002911.20131229.bjl-gm.warts.gz
1388362462	list-7.allpref24/team-3/daily/2013/cycle-20131228/daily.l7.t3.c002911.20131229.scl-cl.warts.gz
1388362488	list-7.allpref24/team-3/daily/2013/cycle-20131228/daily.l7.t3.c002911.20131229.pna-es.warts.gz
1388365323	list-7.allpref24/team-3/daily/2013/cycle-20131229/daily.l7.t3.c002916.20131229.zrh2-ch.warts.gz
1388365365	list-7.allpref24/team-3/daily/2013/cycle-20131229/daily.l7.t3.c002916.20131229.bjc-us.warts.gz
1388365375	list-7.allpref24/team-3/daily/2013/cycle-20131229/daily.l7.t3.c002916.20131229.nap-it.warts.gz
1388365387	list-7.allpref24/team-3/daily/2013/cycle-20131229/daily.l7.t3.c002916.20131229.stn-uk.warts.gz
1388365407	list-7.allpref24/team-3/daily/2013/cycle-20131229/daily.l7.t3.c002916.20131229.san2-us.warts.gz
1388365432	list-7.allpref24/team-3/daily/2013/cycle-20131229/daily.l7.t3.c002916.20131229.mel-au.warts.gz
1388365439	list-7.allpref24/team-3/daily/2013/cycle-20131229/daily.l7.t3.c002916.20131229.eug-us.warts.gz
1388365443	list-7.allpref24/team-3/daily/2013/cycle-20131229/daily.l7.t3.c002916.20131229.mty-mx.warts.gz
1388365468	list-7.allpref24/team-3/daily/2013/cycle-20131229/daily.l7.t3.c002916.20131229.ord-us.warts.gz
1388365469	list-7.allpref24/team-3/daily/2013/cycle-20131229/daily.l7.t3.c002916.20131229.her-gr.warts.gz
1388365486	list-7.allpref24/team-3/daily/2013/cycle-20131229/daily.l7.t3.c002916.20131229.ams2-nl.warts.gz
1388365518	list-7.allpref24/team-3/daily/2013/cycle-20131229/daily.l7.t3.c002916.20131229.yyz-ca.warts.gz
1388365525	list-7.allpref24/team-3/daily/2013/cycle-20131229/daily.l7.t3.c002916.20131229.sql-us.warts.gz
1388365548	list-7.allpref24/team-3/daily/2013/cycle-20131229/daily.l7.t3.c002916.20131229.scl-cl.warts.gz
1388365549	list-7.allpref24/team-3/daily/2013/cycle-20131229/daily.l7.t3.c002916.20131229.sao2-br.warts.gz
1388365610	list-7.allpref24/team-3/daily/2013/cycle-20131229/daily.l7.t3.c002916.20131229.rek-is.warts.gz
1388365612	list-7.allpref24/team-3/daily/2013/cycle-20131229/daily.l7.t3.c002916.20131229.bed3-us.warts.gz
1388365686	list-7.allpref24/team-3/daily/2013/cycle-20131229/daily.l7.t3.c002916.20131229.jfk-us.warts.gz
1388365737	list-7.allpref24/team-3/daily/2013/cycle-20131229/daily.l7.t3.c002916.20131229.wbu-us.warts.gz
1388365761	list-7.allpref24/team-3/daily/2013/cycle-20131229/daily.l7.t3.c002916.20131229.bjl-gm.warts.gz
1388365898	list-7.allpref24/team-3/daily/2013/cycle-20131229/daily.l7.t3.c002916.20131229.dac-bd.warts.gz
1388365900	list-7.allpref24/team-3/daily/2013/cycle-20131229/daily.l7.t3.c002916.20131229.she-cn.warts.gz
1388365914	list-7.allpref24/team-3/daily/2013/cycle-20131229/daily.l7.t3.c002916.20131229.pna-es.warts.gz
1388451867	list-7.allpref24/team-3/daily/2013/cycle-20131229/daily.l7.t3.c002916.20131230.she-cn.warts.gz
1388451923	list-7.allpref24/team-3/daily/2013/cycle-20131229/daily.l7.t3.c002916.20131230.her-gr.warts.gz
1388452145	list-7.allpref24/team-3/daily/2013/cycle-20131229/daily.l7.t3.c002916.20131230.bed3-us.warts.gz
1388452215	list-7.allpref24/team-3/daily/2013/cycle-20131229/daily.l7.t3.c002916.20131230.san2-us.warts.gz
1388452237	list-7.allpref24/team-3/daily/2013/cycle-20131229/daily.l7.t3.c002916.20131230.scl-cl.warts.gz
1388452525	list-7.allpref24/team-3/daily/2013/cycle-20131229/daily.l7.t3.c002916.20131230.rek-is.warts.gz
1388452649	list-7.allpref24/team-3/daily/2013/cycle-20131229/daily.l7.t3.c002916.20131230.ams2-nl.warts.gz
1388452698	list-7.allpref24/team-3/daily/2013/cycle-20131229/daily.l7.t3.c002916.20131230.sql-us.warts.gz
1388452747	list-7.allpref24/team-3/daily/2013/cycle-20131229/daily.l7.t3.c002916.20131230.jfk-us.warts.gz
1388452773	list-7.allpref24/team-3/daily/2013/cycle-20131229/daily.l7.t3.c002916.20131230.yyz-ca.warts.gz
1388452824	list-7.allpref24/team-3/daily/2013/cycle-20131229/daily.l7.t3.c002916.20131230.wbu-us.warts.gz
1388452903	list-7.allpref24/team-3/daily/2013/cycle-20131229/daily.l7.t3.c002916.20131230.bjc-us.warts.gz
1388452953	list-7.allpref24/team-3/daily/2013/cycle-20131229/daily.l7.t3.c002916.20131230.mty-mx.warts.gz
1388453004	list-7.allpref24/team-3/daily/2013/cycle-20131229/daily.l7.t3.c002916.20131230.eug-us.warts.gz
1388453029	list-7.allpref24/team-3/daily/2013/cycle-20131229/daily.l7.t3.c002916.20131230.ord-us.warts.gz
1388453110	list-7.allpref24/team-3/daily/2013/cycle-20131229/daily.l7.t3.c002916.20131230.nap-it.warts.gz
1388453157	list-7.allpref24/team-3/daily/2013/cycle-20131229/daily.l7.t3.c002916.20131230.sao2-br.warts.gz
1388453188	list-7.allpref24/team-3/daily/2013/cycle-20131229/daily.l7.t3.c002916.20131230.mel-au.warts.gz
1388453214	list-7.allpref24/team-3/daily/2013/cycle-20131229/daily.l7.t3.c002916.20131230.zrh2-ch.warts.gz
1388453420	list-7.allpref24/team-3/daily/2013/cycle-20131229/daily.l7.t3.c002916.20131230.pna-es.warts.gz
1388453443	list-7.allpref24/team-3/daily/2013/cycle-20131229/daily.l7.t3.c002916.20131230.bjl-gm.warts.gz
1388453546	list-7.allpref24/team-3/daily/2013/cycle-20131229/daily.l7.t3.c002916.20131230.dac-bd.warts.gz
1388453599	list-7.allpref24/team-3/daily/2013/cycle-20131229/daily.l7.t3.c002916.20131230.stn-uk.warts.gz
1388512976	list-7.allpref24/team-3/daily/2013/cycle-20131229/daily.l7.t3.c002916.20131231.eug-us.warts.gz
1388512995	list-7.allpref24/team-3/daily/2013/cycle-20131229/daily.l7.t3.c002916.20131231.sao2-br.warts.gz
1388513016	list-7.allpref24/team-3/daily/2013/cycle-20131229/daily.l7.t3.c002916.20131231.nap-it.warts.gz
1388513109	list-7.allpref24/team-3/daily/2013/cycle-20131229/daily.l7.t3.c002916.20131231.san2-us.warts.gz
1388513134	list-7.allpref24/team-3/daily/2013/cycle-20131229/daily.l7.t3.c002916.20131231.wbu-us.warts.gz
1388513162	list-7.allpref24/team-3/daily/2013/cycle-20131229/daily.l7.t3.c002916.20131231.mty-mx.warts.gz
1388513180	list-7.allpref24/team-3/daily/2013/cycle-20131229/daily.l7.t3.c002916.20131231.yyz-ca.warts.gz
1388513198	list-7.allpref24/team-3/daily/2013/cycle-20131229/daily.l7.t3.c002916.20131231.sql-us.warts.gz
1388513223	list-7.allpref24/team-3/daily/2013/cycle-20131229/daily.l7.t3.c002916.20131231.ord-us.warts.gz
1388513244	list-7.allpref24/team-3/daily/2013/cycle-20131229/daily.l7.t3.c002916.20131231.jfk-us.warts.gz
1388513274	list-7.allpref24/team-3/daily/2013/cycle-20131229/daily.l7.t3.c002916.20131231.her-gr.warts.gz
1388513291	list-7.allpref24/team-3/daily/2013/cycle-20131229/daily.l7.t3.c002916.20131231.scl-cl.warts.gz
1388513330	list-7.allpref24/team-3/daily/2013/cycle-20131229/daily.l7.t3.c002916.20131231.mel-au.warts.gz
1388513348	list-7.allpref24/team-3/daily/2013/cycle-20131229/daily.l7.t3.c002916.20131231.stn-uk.warts.gz
1388513365	list-7.allpref24/team-3/daily/2013/cycle-20131229/daily.l7.t3.c002916.20131231.bjl-gm.warts.gz
1388513384	list-7.allpref24/team-3/daily/2013/cycle-20131229/daily.l7.t3.c002916.20131231.zrh2-ch.warts.gz
1388513400	list-7.allpref24/team-3/daily/2013/cycle-20131229/daily.l7.t3.c002916.20131231.bjc-us.warts.gz
1388513417	list-7.allpref24/team-3/daily/2013/cycle-20131229/daily.l7.t3.c002916.20131231.ams2-nl.warts.gz
1388513437	list-7.allpref24/team-3/daily/2013/cycle-20131229/daily.l7.t3.c002916.20131231.rek-is.warts.gz
1388513458	list-7.allpref24/team-3/daily/2013/cycle-20131229/daily.l7.t3.c002916.20131231.she-cn.warts.gz
1388513477	list-7.allpref24/team-3/daily/2013/cycle-20131229/daily.l7.t3.c002916.20131231.bed3-us.warts.gz
1388513494	list-7.allpref24/team-3/daily/2013/cycle-20131229/daily.l7.t3.c002916.20131231.pna-es.warts.gz
1388513644	list-7.allpref24/team-3/daily/2013/cycle-20131229/daily.l7.t3.c002916.20131231.dac-bd.warts.gz
1388538149	list-7.allpref24/team-3/daily/2013/cycle-20131231/daily.l7.t3.c002919.20131231.eug-us.warts.gz
1388538193	list-7.allpref24/team-3/daily/2013/cycle-20131231/daily.l7.t3.c002919.20131231.ord-us.warts.gz
1388538341	list-7.allpref24/team-3/daily/2013/cycle-20131231/daily.l7.t3.c002919.20131231.bjc-us.warts.gz
1388538363	list-7.allpref24/team-3/daily/2013/cycle-20131231/daily.l7.t3.c002919.20131231.jfk-us.warts.gz
1388538388	list-7.allpref24/team-3/daily/2013/cycle-20131231/daily.l7.t3.c002919.20131231.zrh2-ch.warts.gz
1388538395	list-7.allpref24/team-3/daily/2013/cycle-20131231/daily.l7.t3.c002919.20131231.pna-es.warts.gz
1388538437	list-7.allpref24/team-3/daily/2013/cycle-20131231/daily.l7.t3.c002919.20131231.dac-bd.warts.gz
1388538443	list-7.allpref24/team-3/daily/2013/cycle-20131231/daily.l7.t3.c002919.20131231.scl-cl.warts.gz
1388538450	list-7.allpref24/team-3/daily/2013/cycle-20131231/daily.l7.t3.c002919.20131231.yyz-ca.warts.gz
1388538475	list-7.allpref24/team-3/daily/2013/cycle-20131231/daily.l7.t3.c002919.20131231.ams2-nl.warts.gz
1388538523	list-7.allpref24/team-3/daily/2013/cycle-20131231/daily.l7.t3.c002919.20131231.sql-us.warts.gz
1388538653	list-7.allpref24/team-3/daily/2013/cycle-20131231/daily.l7.t3.c002919.20131231.her-gr.warts.gz
1388538781	list-7.allpref24/team-3/daily/2013/cycle-20131231/daily.l7.t3.c002919.20131231.san2-us.warts.gz
1388538787	list-7.allpref24/team-3/daily/2013/cycle-20131231/daily.l7.t3.c002919.20131231.mty-mx.warts.gz
1388538794	list-7.allpref24/team-3/daily/2013/cycle-20131231/daily.l7.t3.c002919.20131231.sao2-br.warts.gz
1388538801	list-7.allpref24/team-3/daily/2013/cycle-20131231/daily.l7.t3.c002919.20131231.stn-uk.warts.gz
1388538825	list-7.allpref24/team-3/daily/2013/cycle-20131231/daily.l7.t3.c002919.20131231.rek-is.warts.gz
1388538831	list-7.allpref24/team-3/daily/2013/cycle-20131231/daily.l7.t3.c002919.20131231.wbu-us.warts.gz
1388538924	list-7.allpref24/team-3/daily/2013/cycle-20131231/daily.l7.t3.c002919.20131231.she-cn.warts.gz
1388539037	list-7.allpref24/team-3/daily/2013/cycle-20131231/daily.l7.t3.c002919.20131231.mel-au.warts.gz
1388539171	list-7.allpref24/team-3/daily/2013/cycle-20131231/daily.l7.t3.c002919.20131231.nap-it.warts.gz
1388539178	list-7.allpref24/team-3/daily/2013/cycle-20131231/daily.l7.t3.c002919.20131231.bjl-gm.warts.gz
1388539185	list-7.allpref24/team-3/daily/2013/cycle-20131231/daily.l7.t3.c002919.20131231.bed3-us.warts.gz
